[0.735s] Invoking command in '/home/anmol/project_ws/src/auto_bot': PYTHONPATH=/home/anmol/project_ws/build/auto_bot/prefix_override:/home/anmol/project_ws/install/auto_bot/lib/python3.8/site-packages:${PYTHONPATH} /usr/bin/python3 setup.py egg_info --egg-base ../../build/auto_bot build --build-base /home/anmol/project_ws/build/auto_bot/build install --record /home/anmol/project_ws/build/auto_bot/install.log --single-version-externally-managed
[0.946s] running egg_info
[0.946s] writing ../../build/auto_bot/auto_bot.egg-info/PKG-INFO
[0.947s] writing dependency_links to ../../build/auto_bot/auto_bot.egg-info/dependency_links.txt
[0.947s] writing entry points to ../../build/auto_bot/auto_bot.egg-info/entry_points.txt
[0.947s] writing requirements to ../../build/auto_bot/auto_bot.egg-info/requires.txt
[0.948s] writing top-level names to ../../build/auto_bot/auto_bot.egg-info/top_level.txt
[0.981s] reading manifest file '../../build/auto_bot/auto_bot.egg-info/SOURCES.txt'
[0.981s] writing manifest file '../../build/auto_bot/auto_bot.egg-info/SOURCES.txt'
[0.982s] running build
[0.982s] running build_py
[0.982s] copying auto_bot/bot_pathplanning.py -> /home/anmol/project_ws/build/auto_bot/build/lib/auto_bot
[0.982s] running install
[0.983s] running install_lib
[0.983s] copying /home/anmol/project_ws/build/auto_bot/build/lib/auto_bot/bot_pathplanning.py -> /home/anmol/project_ws/install/auto_bot/lib/python3.8/site-packages/auto_bot
[0.984s] byte-compiling /home/anmol/project_ws/install/auto_bot/lib/python3.8/site-packages/auto_bot/bot_pathplanning.py to bot_pathplanning.cpython-38.pyc
[0.987s] running install_data
[0.988s] running install_egg_info
[0.989s] removing '/home/anmol/project_ws/install/auto_bot/lib/python3.8/site-packages/auto_bot-0.0.0-py3.8.egg-info' (and everything under it)
[0.989s] Copying ../../build/auto_bot/auto_bot.egg-info to /home/anmol/project_ws/install/auto_bot/lib/python3.8/site-packages/auto_bot-0.0.0-py3.8.egg-info
[0.990s] running install_scripts
[1.004s] Installing bot_localization script to /home/anmol/project_ws/install/auto_bot/lib/auto_bot
[1.004s] Installing bot_map=auto_bot.bot_mapping:mainbot_path_planning script to /home/anmol/project_ws/install/auto_bot/lib/auto_bot
[1.004s] Installing configuration script to /home/anmol/project_ws/install/auto_bot/lib/auto_bot
[1.004s] Installing driving_auto_bot script to /home/anmol/project_ws/install/auto_bot/lib/auto_bot
[1.005s] Installing goal_auto_bot script to /home/anmol/project_ws/install/auto_bot/lib/auto_bot
[1.005s] Installing maze_solving script to /home/anmol/project_ws/install/auto_bot/lib/auto_bot
[1.005s] Installing utilities script to /home/anmol/project_ws/install/auto_bot/lib/auto_bot
[1.005s] Installing vid_saving script to /home/anmol/project_ws/install/auto_bot/lib/auto_bot
[1.005s] writing list of installed files to '/home/anmol/project_ws/build/auto_bot/install.log'
[1.043s] Invoked command in '/home/anmol/project_ws/src/auto_bot' returned '0': PYTHONPATH=/home/anmol/project_ws/build/auto_bot/prefix_override:/home/anmol/project_ws/install/auto_bot/lib/python3.8/site-packages:${PYTHONPATH} /usr/bin/python3 setup.py egg_info --egg-base ../../build/auto_bot build --build-base /home/anmol/project_ws/build/auto_bot/build install --record /home/anmol/project_ws/build/auto_bot/install.log --single-version-externally-managed
