[0.799s] Invoking command in '/home/anmol/project_ws/src/auto_bot': PYTHONPATH=/home/anmol/project_ws/build/auto_bot/prefix_override:/home/anmol/project_ws/install/auto_bot/lib/python3.8/site-packages:${PYTHONPATH} /usr/bin/python3 setup.py egg_info --egg-base ../../build/auto_bot build --build-base /home/anmol/project_ws/build/auto_bot/build install --record /home/anmol/project_ws/build/auto_bot/install.log --single-version-externally-managed
[1.020s] running egg_info
[1.020s] writing ../../build/auto_bot/auto_bot.egg-info/PKG-INFO
[1.020s] writing dependency_links to ../../build/auto_bot/auto_bot.egg-info/dependency_links.txt
[1.020s] writing entry points to ../../build/auto_bot/auto_bot.egg-info/entry_points.txt
[1.020s] writing requirements to ../../build/auto_bot/auto_bot.egg-info/requires.txt
[1.020s] writing top-level names to ../../build/auto_bot/auto_bot.egg-info/top_level.txt
[1.048s] reading manifest file '../../build/auto_bot/auto_bot.egg-info/SOURCES.txt'
[1.049s] writing manifest file '../../build/auto_bot/auto_bot.egg-info/SOURCES.txt'
[1.049s] running build
[1.049s] running build_py
[1.049s] copying auto_bot/maze_solving.py -> /home/anmol/project_ws/build/auto_bot/build/lib/auto_bot
[1.050s] running install
[1.050s] running install_lib
[1.051s] copying /home/anmol/project_ws/build/auto_bot/build/lib/auto_bot/maze_solving.py -> /home/anmol/project_ws/install/auto_bot/lib/python3.8/site-packages/auto_bot
[1.052s] byte-compiling /home/anmol/project_ws/install/auto_bot/lib/python3.8/site-packages/auto_bot/maze_solving.py to maze_solving.cpython-38.pyc
[1.053s] running install_data
[1.054s] running install_egg_info
[1.055s] removing '/home/anmol/project_ws/install/auto_bot/lib/python3.8/site-packages/auto_bot-0.0.0-py3.8.egg-info' (and everything under it)
[1.055s] Copying ../../build/auto_bot/auto_bot.egg-info to /home/anmol/project_ws/install/auto_bot/lib/python3.8/site-packages/auto_bot-0.0.0-py3.8.egg-info
[1.056s] running install_scripts
[1.080s] Installing bot_localization script to /home/anmol/project_ws/install/auto_bot/lib/auto_bot
[1.080s] Installing configuration script to /home/anmol/project_ws/install/auto_bot/lib/auto_bot
[1.081s] Installing driving_auto_bot script to /home/anmol/project_ws/install/auto_bot/lib/auto_bot
[1.081s] Installing goal_auto_bot script to /home/anmol/project_ws/install/auto_bot/lib/auto_bot
[1.081s] Installing maze_solving script to /home/anmol/project_ws/install/auto_bot/lib/auto_bot
[1.081s] Installing utilities script to /home/anmol/project_ws/install/auto_bot/lib/auto_bot
[1.081s] Installing vid_saving script to /home/anmol/project_ws/install/auto_bot/lib/auto_bot
[1.081s] writing list of installed files to '/home/anmol/project_ws/build/auto_bot/install.log'
[1.106s] Invoked command in '/home/anmol/project_ws/src/auto_bot' returned '0': PYTHONPATH=/home/anmol/project_ws/build/auto_bot/prefix_override:/home/anmol/project_ws/install/auto_bot/lib/python3.8/site-packages:${PYTHONPATH} /usr/bin/python3 setup.py egg_info --egg-base ../../build/auto_bot build --build-base /home/anmol/project_ws/build/auto_bot/build install --record /home/anmol/project_ws/build/auto_bot/install.log --single-version-externally-managed
