[0.848s] Invoking command in '/home/anmol/project_ws/src/auto_bot': PYTHONPATH=/home/anmol/project_ws/build/auto_bot/prefix_override:/home/anmol/project_ws/install/auto_bot/lib/python3.8/site-packages:${PYTHONPATH} /usr/bin/python3 setup.py egg_info --egg-base ../../build/auto_bot build --build-base /home/anmol/project_ws/build/auto_bot/build install --record /home/anmol/project_ws/build/auto_bot/install.log --single-version-externally-managed
[1.080s] running egg_info
[1.081s] writing ../../build/auto_bot/auto_bot.egg-info/PKG-INFO
[1.081s] writing dependency_links to ../../build/auto_bot/auto_bot.egg-info/dependency_links.txt
[1.081s] writing entry points to ../../build/auto_bot/auto_bot.egg-info/entry_points.txt
[1.081s] writing requirements to ../../build/auto_bot/auto_bot.egg-info/requires.txt
[1.082s] writing top-level names to ../../build/auto_bot/auto_bot.egg-info/top_level.txt
[1.116s] reading manifest file '../../build/auto_bot/auto_bot.egg-info/SOURCES.txt'
[1.117s] writing manifest file '../../build/auto_bot/auto_bot.egg-info/SOURCES.txt'
[1.117s] running build
[1.117s] running build_py
[1.118s] running install
[1.118s] running install_lib
[1.120s] running install_data
[1.121s] running install_egg_info
[1.123s] removing '/home/anmol/project_ws/install/auto_bot/lib/python3.8/site-packages/auto_bot-0.0.0-py3.8.egg-info' (and everything under it)
[1.123s] Copying ../../build/auto_bot/auto_bot.egg-info to /home/anmol/project_ws/install/auto_bot/lib/python3.8/site-packages/auto_bot-0.0.0-py3.8.egg-info
[1.124s] running install_scripts
[1.143s] Installing bot_localization script to /home/anmol/project_ws/install/auto_bot/lib/auto_bot
[1.143s] Installing bot_map=auto_bot.bot_mapping:mainbot_path_planning script to /home/anmol/project_ws/install/auto_bot/lib/auto_bot
[1.143s] Installing configuration script to /home/anmol/project_ws/install/auto_bot/lib/auto_bot
[1.143s] Installing driving_auto_bot script to /home/anmol/project_ws/install/auto_bot/lib/auto_bot
[1.143s] Installing goal_auto_bot script to /home/anmol/project_ws/install/auto_bot/lib/auto_bot
[1.144s] Installing maze_solving script to /home/anmol/project_ws/install/auto_bot/lib/auto_bot
[1.144s] Installing utilities script to /home/anmol/project_ws/install/auto_bot/lib/auto_bot
[1.144s] Installing vid_saving script to /home/anmol/project_ws/install/auto_bot/lib/auto_bot
[1.144s] writing list of installed files to '/home/anmol/project_ws/build/auto_bot/install.log'
[1.195s] Invoked command in '/home/anmol/project_ws/src/auto_bot' returned '0': PYTHONPATH=/home/anmol/project_ws/build/auto_bot/prefix_override:/home/anmol/project_ws/install/auto_bot/lib/python3.8/site-packages:${PYTHONPATH} /usr/bin/python3 setup.py egg_info --egg-base ../../build/auto_bot build --build-base /home/anmol/project_ws/build/auto_bot/build install --record /home/anmol/project_ws/build/auto_bot/install.log --single-version-externally-managed
