[0.799s] Invoking command in '/home/anmol/project_ws/src/auto_bot': PYTHONPATH=/home/anmol/project_ws/build/auto_bot/prefix_override:/home/anmol/project_ws/install/auto_bot/lib/python3.8/site-packages:${PYTHONPATH} /usr/bin/python3 setup.py egg_info --egg-base ../../build/auto_bot build --build-base /home/anmol/project_ws/build/auto_bot/build install --record /home/anmol/project_ws/build/auto_bot/install.log --single-version-externally-managed
[1.001s] running egg_info
[1.001s] writing ../../build/auto_bot/auto_bot.egg-info/PKG-INFO
[1.001s] writing dependency_links to ../../build/auto_bot/auto_bot.egg-info/dependency_links.txt
[1.002s] writing entry points to ../../build/auto_bot/auto_bot.egg-info/entry_points.txt
[1.002s] writing requirements to ../../build/auto_bot/auto_bot.egg-info/requires.txt
[1.002s] writing top-level names to ../../build/auto_bot/auto_bot.egg-info/top_level.txt
[1.052s] reading manifest file '../../build/auto_bot/auto_bot.egg-info/SOURCES.txt'
[1.053s] writing manifest file '../../build/auto_bot/auto_bot.egg-info/SOURCES.txt'
[1.053s] running build
[1.053s] running build_py
[1.053s] copying auto_bot/reach_goal.py -> /home/anmol/project_ws/build/auto_bot/build/lib/auto_bot
[1.054s] running install
[1.055s] running install_lib
[1.056s] copying /home/anmol/project_ws/build/auto_bot/build/lib/auto_bot/reach_goal.py -> /home/anmol/project_ws/install/auto_bot/lib/python3.8/site-packages/auto_bot
[1.056s] byte-compiling /home/anmol/project_ws/install/auto_bot/lib/python3.8/site-packages/auto_bot/reach_goal.py to reach_goal.cpython-38.pyc
[1.058s] running install_data
[1.059s] running install_egg_info
[1.060s] removing '/home/anmol/project_ws/install/auto_bot/lib/python3.8/site-packages/auto_bot-0.0.0-py3.8.egg-info' (and everything under it)
[1.061s] Copying ../../build/auto_bot/auto_bot.egg-info to /home/anmol/project_ws/install/auto_bot/lib/python3.8/site-packages/auto_bot-0.0.0-py3.8.egg-info
[1.062s] running install_scripts
[1.076s] Installing driving_auto_bot script to /home/anmol/project_ws/install/auto_bot/lib/auto_bot
[1.076s] Installing goal_auto_bot script to /home/anmol/project_ws/install/auto_bot/lib/auto_bot
[1.076s] writing list of installed files to '/home/anmol/project_ws/build/auto_bot/install.log'
[1.113s] Invoked command in '/home/anmol/project_ws/src/auto_bot' returned '0': PYTHONPATH=/home/anmol/project_ws/build/auto_bot/prefix_override:/home/anmol/project_ws/install/auto_bot/lib/python3.8/site-packages:${PYTHONPATH} /usr/bin/python3 setup.py egg_info --egg-base ../../build/auto_bot build --build-base /home/anmol/project_ws/build/auto_bot/build install --record /home/anmol/project_ws/build/auto_bot/install.log --single-version-externally-managed
