[0.661s] Invoking command in '/home/anmol/project_ws/src/auto_bot': PYTHONPATH=/home/anmol/project_ws/build/auto_bot/prefix_override:/home/anmol/project_ws/install/auto_bot/lib/python3.8/site-packages:${PYTHONPATH} /usr/bin/python3 setup.py egg_info --egg-base ../../build/auto_bot build --build-base /home/anmol/project_ws/build/auto_bot/build install --record /home/anmol/project_ws/build/auto_bot/install.log --single-version-externally-managed
[0.859s] running egg_info
[0.860s] writing ../../build/auto_bot/auto_bot.egg-info/PKG-INFO
[0.860s] writing dependency_links to ../../build/auto_bot/auto_bot.egg-info/dependency_links.txt
[0.860s] writing entry points to ../../build/auto_bot/auto_bot.egg-info/entry_points.txt
[0.860s] writing requirements to ../../build/auto_bot/auto_bot.egg-info/requires.txt
[0.861s] writing top-level names to ../../build/auto_bot/auto_bot.egg-info/top_level.txt
[0.888s] reading manifest file '../../build/auto_bot/auto_bot.egg-info/SOURCES.txt'
[0.889s] writing manifest file '../../build/auto_bot/auto_bot.egg-info/SOURCES.txt'
[0.889s] running build
[0.889s] running build_py
[0.889s] copying auto_bot/driver_node.py -> /home/anmol/project_ws/build/auto_bot/build/lib/auto_bot
[0.890s] running install
[0.890s] running install_lib
[0.891s] copying /home/anmol/project_ws/build/auto_bot/build/lib/auto_bot/driver_node.py -> /home/anmol/project_ws/install/auto_bot/lib/python3.8/site-packages/auto_bot
[0.891s] byte-compiling /home/anmol/project_ws/install/auto_bot/lib/python3.8/site-packages/auto_bot/driver_node.py to driver_node.cpython-38.pyc
[0.893s] running install_data
[0.894s] running install_egg_info
[0.897s] removing '/home/anmol/project_ws/install/auto_bot/lib/python3.8/site-packages/auto_bot-0.0.0-py3.8.egg-info' (and everything under it)
[0.898s] Copying ../../build/auto_bot/auto_bot.egg-info to /home/anmol/project_ws/install/auto_bot/lib/python3.8/site-packages/auto_bot-0.0.0-py3.8.egg-info
[0.899s] running install_scripts
[0.917s] Installing driving_auto_bot script to /home/anmol/project_ws/install/auto_bot/lib/auto_bot
[0.917s] writing list of installed files to '/home/anmol/project_ws/build/auto_bot/install.log'
[0.945s] Invoked command in '/home/anmol/project_ws/src/auto_bot' returned '0': PYTHONPATH=/home/anmol/project_ws/build/auto_bot/prefix_override:/home/anmol/project_ws/install/auto_bot/lib/python3.8/site-packages:${PYTHONPATH} /usr/bin/python3 setup.py egg_info --egg-base ../../build/auto_bot build --build-base /home/anmol/project_ws/build/auto_bot/build install --record /home/anmol/project_ws/build/auto_bot/install.log --single-version-externally-managed
