[0.729s] Invoking command in '/home/anmol/project_ws/src/auto_bot': PYTHONPATH=/home/anmol/project_ws/build/auto_bot/prefix_override:/home/anmol/project_ws/install/auto_bot/lib/python3.8/site-packages:${PYTHONPATH} /usr/bin/python3 setup.py egg_info --egg-base ../../build/auto_bot build --build-base /home/anmol/project_ws/build/auto_bot/build install --record /home/anmol/project_ws/build/auto_bot/install.log --single-version-externally-managed
[0.953s] running egg_info
[0.953s] writing ../../build/auto_bot/auto_bot.egg-info/PKG-INFO
[0.964s] writing dependency_links to ../../build/auto_bot/auto_bot.egg-info/dependency_links.txt
[0.964s] writing entry points to ../../build/auto_bot/auto_bot.egg-info/entry_points.txt
[0.964s] writing requirements to ../../build/auto_bot/auto_bot.egg-info/requires.txt
[0.964s] writing top-level names to ../../build/auto_bot/auto_bot.egg-info/top_level.txt
[1.000s] reading manifest file '../../build/auto_bot/auto_bot.egg-info/SOURCES.txt'
[1.001s] writing manifest file '../../build/auto_bot/auto_bot.egg-info/SOURCES.txt'
[1.001s] running build
[1.001s] running build_py
[1.002s] running install
[1.002s] running install_lib
[1.003s] running install_data
[1.004s] copying package.xml -> /home/anmol/project_ws/install/auto_bot/share/auto_bot
[1.004s] copying urdf/auto_bot.urdf -> /home/anmol/project_ws/install/auto_bot/share/auto_bot/urdf
[1.005s] copying launch/gazebo.launch.py -> /home/anmol/project_ws/install/auto_bot/share/auto_bot/launch
[1.005s] running install_egg_info
[1.006s] removing '/home/anmol/project_ws/install/auto_bot/lib/python3.8/site-packages/auto_bot-0.0.0-py3.8.egg-info' (and everything under it)
[1.006s] Copying ../../build/auto_bot/auto_bot.egg-info to /home/anmol/project_ws/install/auto_bot/lib/python3.8/site-packages/auto_bot-0.0.0-py3.8.egg-info
[1.007s] running install_scripts
[1.020s] writing list of installed files to '/home/anmol/project_ws/build/auto_bot/install.log'
[1.044s] Invoked command in '/home/anmol/project_ws/src/auto_bot' returned '0': PYTHONPATH=/home/anmol/project_ws/build/auto_bot/prefix_override:/home/anmol/project_ws/install/auto_bot/lib/python3.8/site-packages:${PYTHONPATH} /usr/bin/python3 setup.py egg_info --egg-base ../../build/auto_bot build --build-base /home/anmol/project_ws/build/auto_bot/build install --record /home/anmol/project_ws/build/auto_bot/install.log --single-version-externally-managed
