[0.794s] Invoking command in '/home/anmol/project_ws/src/auto_bot': PYTHONPATH=/home/anmol/project_ws/build/auto_bot/prefix_override:/home/anmol/project_ws/install/auto_bot/lib/python3.8/site-packages:${PYTHONPATH} /usr/bin/python3 setup.py egg_info --egg-base ../../build/auto_bot build --build-base /home/anmol/project_ws/build/auto_bot/build install --record /home/anmol/project_ws/build/auto_bot/install.log --single-version-externally-managed
[0.997s] running egg_info
[0.998s] writing ../../build/auto_bot/auto_bot.egg-info/PKG-INFO
[0.998s] writing dependency_links to ../../build/auto_bot/auto_bot.egg-info/dependency_links.txt
[0.998s] writing entry points to ../../build/auto_bot/auto_bot.egg-info/entry_points.txt
[0.998s] writing requirements to ../../build/auto_bot/auto_bot.egg-info/requires.txt
[0.998s] writing top-level names to ../../build/auto_bot/auto_bot.egg-info/top_level.txt
[1.027s] reading manifest file '../../build/auto_bot/auto_bot.egg-info/SOURCES.txt'
[1.028s] writing manifest file '../../build/auto_bot/auto_bot.egg-info/SOURCES.txt'
[1.028s] running build
[1.028s] running build_py
[1.029s] copying auto_bot/reach_goal.py -> /home/anmol/project_ws/build/auto_bot/build/lib/auto_bot
[1.029s] running install
[1.029s] running install_lib
[1.031s] copying /home/anmol/project_ws/build/auto_bot/build/lib/auto_bot/reach_goal.py -> /home/anmol/project_ws/install/auto_bot/lib/python3.8/site-packages/auto_bot
[1.031s] byte-compiling /home/anmol/project_ws/install/auto_bot/lib/python3.8/site-packages/auto_bot/reach_goal.py to reach_goal.cpython-38.pyc
[1.033s] running install_data
[1.034s] running install_egg_info
[1.036s] removing '/home/anmol/project_ws/install/auto_bot/lib/python3.8/site-packages/auto_bot-0.0.0-py3.8.egg-info' (and everything under it)
[1.036s] Copying ../../build/auto_bot/auto_bot.egg-info to /home/anmol/project_ws/install/auto_bot/lib/python3.8/site-packages/auto_bot-0.0.0-py3.8.egg-info
[1.037s] running install_scripts
[1.052s] Installing driving_auto_bot script to /home/anmol/project_ws/install/auto_bot/lib/auto_bot
[1.052s] Installing goal_auto_bot script to /home/anmol/project_ws/install/auto_bot/lib/auto_bot
[1.052s] writing list of installed files to '/home/anmol/project_ws/build/auto_bot/install.log'
[1.091s] Invoked command in '/home/anmol/project_ws/src/auto_bot' returned '0': PYTHONPATH=/home/anmol/project_ws/build/auto_bot/prefix_override:/home/anmol/project_ws/install/auto_bot/lib/python3.8/site-packages:${PYTHONPATH} /usr/bin/python3 setup.py egg_info --egg-base ../../build/auto_bot build --build-base /home/anmol/project_ws/build/auto_bot/build install --record /home/anmol/project_ws/build/auto_bot/install.log --single-version-externally-managed
