running egg_info
creating ../../build/auto_bot/auto_bot.egg-info
writing ../../build/auto_bot/auto_bot.egg-info/PKG-INFO
writing dependency_links to ../../build/auto_bot/auto_bot.egg-info/dependency_links.txt
writing requirements to ../../build/auto_bot/auto_bot.egg-info/requires.txt
writing top-level names to ../../build/auto_bot/auto_bot.egg-info/top_level.txt
writing manifest file '../../build/auto_bot/auto_bot.egg-info/SOURCES.txt'
reading manifest file '../../build/auto_bot/auto_bot.egg-info/SOURCES.txt'
writing manifest file '../../build/auto_bot/auto_bot.egg-info/SOURCES.txt'
running build
running build_py
creating /home/anmol/project_ws/build/auto_bot/build
creating /home/anmol/project_ws/build/auto_bot/build/lib
creating /home/anmol/project_ws/build/auto_bot/build/lib/auto_bot
copying auto_bot/__init__.py -> /home/anmol/project_ws/build/auto_bot/build/lib/auto_bot
running install
running install_lib
creating /home/anmol/project_ws/install/auto_bot/lib/python3.8/site-packages/auto_bot
copying /home/anmol/project_ws/build/auto_bot/build/lib/auto_bot/__init__.py -> /home/anmol/project_ws/install/auto_bot/lib/python3.8/site-packages/auto_bot
byte-compiling /home/anmol/project_ws/install/auto_bot/lib/python3.8/site-packages/auto_bot/__init__.py to __init__.cpython-38.pyc
running install_data
creating /home/anmol/project_ws/install/auto_bot/share/ament_index
creating /home/anmol/project_ws/install/auto_bot/share/ament_index/resource_index
creating /home/anmol/project_ws/install/auto_bot/share/ament_index/resource_index/packages
copying resource/auto_bot -> /home/anmol/project_ws/install/auto_bot/share/ament_index/resource_index/packages
copying package.xml -> /home/anmol/project_ws/install/auto_bot/share/auto_bot
creating /home/anmol/project_ws/install/auto_bot/share/auto_bot/urdf
copying urdf/auto_bot.urdf -> /home/anmol/project_ws/install/auto_bot/share/auto_bot/urdf
running install_egg_info
Copying ../../build/auto_bot/auto_bot.egg-info to /home/anmol/project_ws/install/auto_bot/lib/python3.8/site-packages/auto_bot-0.0.0-py3.8.egg-info
running install_scripts
writing list of installed files to '/home/anmol/project_ws/build/auto_bot/install.log'
