[0.737s] Invoking command in '/home/anmol/project_ws/src/auto_bot': PYTHONPATH=/home/anmol/project_ws/build/auto_bot/prefix_override:/home/anmol/project_ws/install/auto_bot/lib/python3.8/site-packages:${PYTHONPATH} /usr/bin/python3 setup.py egg_info --egg-base ../../build/auto_bot build --build-base /home/anmol/project_ws/build/auto_bot/build install --record /home/anmol/project_ws/build/auto_bot/install.log --single-version-externally-managed
[0.962s] running egg_info
[0.963s] writing ../../build/auto_bot/auto_bot.egg-info/PKG-INFO
[0.963s] writing dependency_links to ../../build/auto_bot/auto_bot.egg-info/dependency_links.txt
[0.963s] writing entry points to ../../build/auto_bot/auto_bot.egg-info/entry_points.txt
[0.963s] writing requirements to ../../build/auto_bot/auto_bot.egg-info/requires.txt
[0.964s] writing top-level names to ../../build/auto_bot/auto_bot.egg-info/top_level.txt
[0.994s] reading manifest file '../../build/auto_bot/auto_bot.egg-info/SOURCES.txt'
[0.995s] writing manifest file '../../build/auto_bot/auto_bot.egg-info/SOURCES.txt'
[0.995s] running build
[0.995s] running build_py
[0.996s] copying auto_bot/video_saver_node.py -> /home/anmol/project_ws/build/auto_bot/build/lib/auto_bot
[0.996s] running install
[0.996s] running install_lib
[0.997s] copying /home/anmol/project_ws/build/auto_bot/build/lib/auto_bot/video_saver_node.py -> /home/anmol/project_ws/install/auto_bot/lib/python3.8/site-packages/auto_bot
[0.997s] byte-compiling /home/anmol/project_ws/install/auto_bot/lib/python3.8/site-packages/auto_bot/video_saver_node.py to video_saver_node.cpython-38.pyc
[0.998s] running install_data
[0.999s] running install_egg_info
[1.000s] removing '/home/anmol/project_ws/install/auto_bot/lib/python3.8/site-packages/auto_bot-0.0.0-py3.8.egg-info' (and everything under it)
[1.001s] Copying ../../build/auto_bot/auto_bot.egg-info to /home/anmol/project_ws/install/auto_bot/lib/python3.8/site-packages/auto_bot-0.0.0-py3.8.egg-info
[1.001s] running install_scripts
[1.015s] Installing bot_localization script to /home/anmol/project_ws/install/auto_bot/lib/auto_bot
[1.016s] Installing configuration script to /home/anmol/project_ws/install/auto_bot/lib/auto_bot
[1.016s] Installing driving_auto_bot script to /home/anmol/project_ws/install/auto_bot/lib/auto_bot
[1.016s] Installing goal_auto_bot script to /home/anmol/project_ws/install/auto_bot/lib/auto_bot
[1.016s] Installing maze_solving script to /home/anmol/project_ws/install/auto_bot/lib/auto_bot
[1.016s] Installing utilities script to /home/anmol/project_ws/install/auto_bot/lib/auto_bot
[1.017s] Installing vid_saving script to /home/anmol/project_ws/install/auto_bot/lib/auto_bot
[1.017s] writing list of installed files to '/home/anmol/project_ws/build/auto_bot/install.log'
[1.050s] Invoked command in '/home/anmol/project_ws/src/auto_bot' returned '0': PYTHONPATH=/home/anmol/project_ws/build/auto_bot/prefix_override:/home/anmol/project_ws/install/auto_bot/lib/python3.8/site-packages:${PYTHONPATH} /usr/bin/python3 setup.py egg_info --egg-base ../../build/auto_bot build --build-base /home/anmol/project_ws/build/auto_bot/build install --record /home/anmol/project_ws/build/auto_bot/install.log --single-version-externally-managed
