[0.665s] Invoking command in '/home/anmol/project_ws/src/auto_bot': PYTHONPATH=/home/anmol/project_ws/build/auto_bot/prefix_override:/home/anmol/project_ws/install/auto_bot/lib/python3.8/site-packages:${PYTHONPATH} /usr/bin/python3 setup.py egg_info --egg-base ../../build/auto_bot build --build-base /home/anmol/project_ws/build/auto_bot/build install --record /home/anmol/project_ws/build/auto_bot/install.log --single-version-externally-managed
[0.867s] running egg_info
[0.868s] writing ../../build/auto_bot/auto_bot.egg-info/PKG-INFO
[0.868s] writing dependency_links to ../../build/auto_bot/auto_bot.egg-info/dependency_links.txt
[0.868s] writing entry points to ../../build/auto_bot/auto_bot.egg-info/entry_points.txt
[0.868s] writing requirements to ../../build/auto_bot/auto_bot.egg-info/requires.txt
[0.868s] writing top-level names to ../../build/auto_bot/auto_bot.egg-info/top_level.txt
[0.899s] reading manifest file '../../build/auto_bot/auto_bot.egg-info/SOURCES.txt'
[0.899s] writing manifest file '../../build/auto_bot/auto_bot.egg-info/SOURCES.txt'
[0.900s] running build
[0.900s] running build_py
[0.900s] running install
[0.900s] running install_lib
[0.901s] running install_data
[0.902s] copying urdf/auto_bot.urdf -> /home/anmol/project_ws/install/auto_bot/share/auto_bot/urdf
[0.902s] running install_egg_info
[0.903s] removing '/home/anmol/project_ws/install/auto_bot/lib/python3.8/site-packages/auto_bot-0.0.0-py3.8.egg-info' (and everything under it)
[0.904s] Copying ../../build/auto_bot/auto_bot.egg-info to /home/anmol/project_ws/install/auto_bot/lib/python3.8/site-packages/auto_bot-0.0.0-py3.8.egg-info
[0.904s] running install_scripts
[0.917s] writing list of installed files to '/home/anmol/project_ws/build/auto_bot/install.log'
[0.943s] Invoked command in '/home/anmol/project_ws/src/auto_bot' returned '0': PYTHONPATH=/home/anmol/project_ws/build/auto_bot/prefix_override:/home/anmol/project_ws/install/auto_bot/lib/python3.8/site-packages:${PYTHONPATH} /usr/bin/python3 setup.py egg_info --egg-base ../../build/auto_bot build --build-base /home/anmol/project_ws/build/auto_bot/build install --record /home/anmol/project_ws/build/auto_bot/install.log --single-version-externally-managed
