[0.831s] Invoking command in '/home/anmol/project_ws/src/auto_bot': PYTHONPATH=/home/anmol/project_ws/build/auto_bot/prefix_override:/home/anmol/project_ws/install/auto_bot/lib/python3.8/site-packages:${PYTHONPATH} /usr/bin/python3 setup.py egg_info --egg-base ../../build/auto_bot build --build-base /home/anmol/project_ws/build/auto_bot/build install --record /home/anmol/project_ws/build/auto_bot/install.log --single-version-externally-managed
[1.047s] running egg_info
[1.047s] writing ../../build/auto_bot/auto_bot.egg-info/PKG-INFO
[1.058s] writing dependency_links to ../../build/auto_bot/auto_bot.egg-info/dependency_links.txt
[1.059s] writing entry points to ../../build/auto_bot/auto_bot.egg-info/entry_points.txt
[1.059s] writing requirements to ../../build/auto_bot/auto_bot.egg-info/requires.txt
[1.059s] writing top-level names to ../../build/auto_bot/auto_bot.egg-info/top_level.txt
[1.098s] reading manifest file '../../build/auto_bot/auto_bot.egg-info/SOURCES.txt'
[1.100s] writing manifest file '../../build/auto_bot/auto_bot.egg-info/SOURCES.txt'
[1.100s] running build
[1.100s] running build_py
[1.101s] running install
[1.103s] running install_lib
[1.106s] running install_data
[1.108s] running install_egg_info
[1.110s] removing '/home/anmol/project_ws/install/auto_bot/lib/python3.8/site-packages/auto_bot-0.0.0-py3.8.egg-info' (and everything under it)
[1.110s] Copying ../../build/auto_bot/auto_bot.egg-info to /home/anmol/project_ws/install/auto_bot/lib/python3.8/site-packages/auto_bot-0.0.0-py3.8.egg-info
[1.111s] running install_scripts
[1.124s] Installing driving_auto_bot script to /home/anmol/project_ws/install/auto_bot/lib/auto_bot
[1.125s] Installing goal_auto_bot script to /home/anmol/project_ws/install/auto_bot/lib/auto_bot
[1.125s] writing list of installed files to '/home/anmol/project_ws/build/auto_bot/install.log'
[1.160s] Invoked command in '/home/anmol/project_ws/src/auto_bot' returned '0': PYTHONPATH=/home/anmol/project_ws/build/auto_bot/prefix_override:/home/anmol/project_ws/install/auto_bot/lib/python3.8/site-packages:${PYTHONPATH} /usr/bin/python3 setup.py egg_info --egg-base ../../build/auto_bot build --build-base /home/anmol/project_ws/build/auto_bot/build install --record /home/anmol/project_ws/build/auto_bot/install.log --single-version-externally-managed
