[0.563s] Invoking command in '/home/anmol/project_ws/src/auto_bot': PYTHONPATH=/home/anmol/project_ws/build/auto_bot/prefix_override:/home/anmol/project_ws/install/auto_bot/lib/python3.8/site-packages: /usr/bin/python3 setup.py egg_info --egg-base ../../build/auto_bot build --build-base /home/anmol/project_ws/build/auto_bot/build install --record /home/anmol/project_ws/build/auto_bot/install.log --single-version-externally-managed
[0.728s] running egg_info
[0.728s] writing ../../build/auto_bot/auto_bot.egg-info/PKG-INFO
[0.729s] writing dependency_links to ../../build/auto_bot/auto_bot.egg-info/dependency_links.txt
[0.729s] writing entry points to ../../build/auto_bot/auto_bot.egg-info/entry_points.txt
[0.729s] writing requirements to ../../build/auto_bot/auto_bot.egg-info/requires.txt
[0.729s] writing top-level names to ../../build/auto_bot/auto_bot.egg-info/top_level.txt
[0.756s] reading manifest file '../../build/auto_bot/auto_bot.egg-info/SOURCES.txt'
[0.757s] writing manifest file '../../build/auto_bot/auto_bot.egg-info/SOURCES.txt'
[0.757s] running build
[0.757s] running build_py
[0.757s] running install
[0.757s] running install_lib
[0.758s] running install_data
[0.759s] running install_egg_info
[0.760s] removing '/home/anmol/project_ws/install/auto_bot/lib/python3.8/site-packages/auto_bot-0.0.0-py3.8.egg-info' (and everything under it)
[0.760s] Copying ../../build/auto_bot/auto_bot.egg-info to /home/anmol/project_ws/install/auto_bot/lib/python3.8/site-packages/auto_bot-0.0.0-py3.8.egg-info
[0.761s] running install_scripts
[0.773s] writing list of installed files to '/home/anmol/project_ws/build/auto_bot/install.log'
[0.796s] Invoked command in '/home/anmol/project_ws/src/auto_bot' returned '0': PYTHONPATH=/home/anmol/project_ws/build/auto_bot/prefix_override:/home/anmol/project_ws/install/auto_bot/lib/python3.8/site-packages: /usr/bin/python3 setup.py egg_info --egg-base ../../build/auto_bot build --build-base /home/anmol/project_ws/build/auto_bot/build install --record /home/anmol/project_ws/build/auto_bot/install.log --single-version-externally-managed
