[0.772s] Invoking command in '/home/anmol/project_ws/src/auto_bot': PYTHONPATH=/home/anmol/project_ws/build/auto_bot/prefix_override:/home/anmol/project_ws/install/auto_bot/lib/python3.8/site-packages:${PYTHONPATH} /usr/bin/python3 setup.py egg_info --egg-base ../../build/auto_bot build --build-base /home/anmol/project_ws/build/auto_bot/build install --record /home/anmol/project_ws/build/auto_bot/install.log --single-version-externally-managed
[0.981s] running egg_info
[0.982s] writing ../../build/auto_bot/auto_bot.egg-info/PKG-INFO
[0.982s] writing dependency_links to ../../build/auto_bot/auto_bot.egg-info/dependency_links.txt
[0.982s] writing entry points to ../../build/auto_bot/auto_bot.egg-info/entry_points.txt
[0.982s] writing requirements to ../../build/auto_bot/auto_bot.egg-info/requires.txt
[0.982s] writing top-level names to ../../build/auto_bot/auto_bot.egg-info/top_level.txt
[1.012s] reading manifest file '../../build/auto_bot/auto_bot.egg-info/SOURCES.txt'
[1.013s] writing manifest file '../../build/auto_bot/auto_bot.egg-info/SOURCES.txt'
[1.013s] running build
[1.013s] running build_py
[1.013s] running install
[1.014s] running install_lib
[1.015s] running install_data
[1.016s] running install_egg_info
[1.017s] removing '/home/anmol/project_ws/install/auto_bot/lib/python3.8/site-packages/auto_bot-0.0.0-py3.8.egg-info' (and everything under it)
[1.017s] Copying ../../build/auto_bot/auto_bot.egg-info to /home/anmol/project_ws/install/auto_bot/lib/python3.8/site-packages/auto_bot-0.0.0-py3.8.egg-info
[1.018s] running install_scripts
[1.035s] Installing driving_auto_bot script to /home/anmol/project_ws/install/auto_bot/lib/auto_bot
[1.035s] Installing goal_auto_bot script to /home/anmol/project_ws/install/auto_bot/lib/auto_bot
[1.036s] writing list of installed files to '/home/anmol/project_ws/build/auto_bot/install.log'
[1.072s] Invoked command in '/home/anmol/project_ws/src/auto_bot' returned '0': PYTHONPATH=/home/anmol/project_ws/build/auto_bot/prefix_override:/home/anmol/project_ws/install/auto_bot/lib/python3.8/site-packages:${PYTHONPATH} /usr/bin/python3 setup.py egg_info --egg-base ../../build/auto_bot build --build-base /home/anmol/project_ws/build/auto_bot/build install --record /home/anmol/project_ws/build/auto_bot/install.log --single-version-externally-managed
