/home/anmol/.local/lib/python3.8/site-packages/setuptools/dist.py:745: SetuptoolsDeprecationWarning: Invalid dash-separated options
!!

        ********************************************************************************
        Usage of dash-separated 'script-dir' will not be supported in future
        versions. Please use the underscore name 'script_dir' instead.

        By 2023-Sep-26, you need to update your project and remove deprecated calls
        or your builds will no longer be supported.

        See https://setuptools.pypa.io/en/latest/userguide/declarative_config.html for details.
        ********************************************************************************

!!
  opt = self.warn_dash_deprecation(opt, section)
running egg_info
writing ../../build/auto_bot/auto_bot.egg-info/PKG-INFO
writing dependency_links to ../../build/auto_bot/auto_bot.egg-info/dependency_links.txt
writing requirements to ../../build/auto_bot/auto_bot.egg-info/requires.txt
writing top-level names to ../../build/auto_bot/auto_bot.egg-info/top_level.txt
reading manifest file '../../build/auto_bot/auto_bot.egg-info/SOURCES.txt'
writing manifest file '../../build/auto_bot/auto_bot.egg-info/SOURCES.txt'
running build
running build_py
running install
/home/anmol/.local/lib/python3.8/site-packages/setuptools/_distutils/cmd.py:66: SetuptoolsDeprecationWarning: setup.py install is deprecated.
!!

        ********************************************************************************
        Please avoid running ``setup.py`` directly.
        Instead, use pypa/build, pypa/installer or other
        standards-based tools.

        See https://blog.ganssle.io/articles/2021/10/setup-py-deprecated.html for details.
        ********************************************************************************

!!
  self.initialize_options()
running install_lib
running install_data
creating /home/anmol/project_ws/install/auto_bot/share/auto_bot/launch
copying launch/rviz.launch.py -> /home/anmol/project_ws/install/auto_bot/share/auto_bot/launch
running install_egg_info
removing '/home/anmol/project_ws/install/auto_bot/lib/python3.8/site-packages/auto_bot-0.0.0-py3.8.egg-info' (and everything under it)
Copying ../../build/auto_bot/auto_bot.egg-info to /home/anmol/project_ws/install/auto_bot/lib/python3.8/site-packages/auto_bot-0.0.0-py3.8.egg-info
running install_scripts
writing list of installed files to '/home/anmol/project_ws/build/auto_bot/install.log'
