[0.767s] Invoking command in '/home/anmol/project_ws/src/auto_bot': PYTHONPATH=/home/anmol/project_ws/build/auto_bot/prefix_override:/home/anmol/project_ws/install/auto_bot/lib/python3.8/site-packages:${PYTHONPATH} /usr/bin/python3 setup.py egg_info --egg-base ../../build/auto_bot build --build-base /home/anmol/project_ws/build/auto_bot/build install --record /home/anmol/project_ws/build/auto_bot/install.log --single-version-externally-managed
[0.974s] running egg_info
[0.974s] writing ../../build/auto_bot/auto_bot.egg-info/PKG-INFO
[0.975s] writing dependency_links to ../../build/auto_bot/auto_bot.egg-info/dependency_links.txt
[0.975s] writing entry points to ../../build/auto_bot/auto_bot.egg-info/entry_points.txt
[0.975s] writing requirements to ../../build/auto_bot/auto_bot.egg-info/requires.txt
[0.975s] writing top-level names to ../../build/auto_bot/auto_bot.egg-info/top_level.txt
[1.017s] reading manifest file '../../build/auto_bot/auto_bot.egg-info/SOURCES.txt'
[1.017s] writing manifest file '../../build/auto_bot/auto_bot.egg-info/SOURCES.txt'
[1.018s] running build
[1.018s] running build_py
[1.018s] copying auto_bot/auto_bot_localization.py -> /home/anmol/project_ws/build/auto_bot/build/lib/auto_bot
[1.018s] copying auto_bot/maze_solving.py -> /home/anmol/project_ws/build/auto_bot/build/lib/auto_bot
[1.019s] copying auto_bot/utilities.py -> /home/anmol/project_ws/build/auto_bot/build/lib/auto_bot
[1.019s] copying auto_bot/video_saver_node.py -> /home/anmol/project_ws/build/auto_bot/build/lib/auto_bot
[1.019s] running install
[1.019s] running install_lib
[1.020s] copying /home/anmol/project_ws/build/auto_bot/build/lib/auto_bot/auto_bot_localization.py -> /home/anmol/project_ws/install/auto_bot/lib/python3.8/site-packages/auto_bot
[1.021s] copying /home/anmol/project_ws/build/auto_bot/build/lib/auto_bot/maze_solving.py -> /home/anmol/project_ws/install/auto_bot/lib/python3.8/site-packages/auto_bot
[1.021s] copying /home/anmol/project_ws/build/auto_bot/build/lib/auto_bot/utilities.py -> /home/anmol/project_ws/install/auto_bot/lib/python3.8/site-packages/auto_bot
[1.021s] copying /home/anmol/project_ws/build/auto_bot/build/lib/auto_bot/video_saver_node.py -> /home/anmol/project_ws/install/auto_bot/lib/python3.8/site-packages/auto_bot
[1.021s] byte-compiling /home/anmol/project_ws/install/auto_bot/lib/python3.8/site-packages/auto_bot/auto_bot_localization.py to auto_bot_localization.cpython-38.pyc
[1.023s] byte-compiling /home/anmol/project_ws/install/auto_bot/lib/python3.8/site-packages/auto_bot/maze_solving.py to maze_solving.cpython-38.pyc
[1.023s] byte-compiling /home/anmol/project_ws/install/auto_bot/lib/python3.8/site-packages/auto_bot/utilities.py to utilities.cpython-38.pyc
[1.024s] byte-compiling /home/anmol/project_ws/install/auto_bot/lib/python3.8/site-packages/auto_bot/video_saver_node.py to video_saver_node.cpython-38.pyc
[1.024s] running install_data
[1.025s] running install_egg_info
[1.027s] removing '/home/anmol/project_ws/install/auto_bot/lib/python3.8/site-packages/auto_bot-0.0.0-py3.8.egg-info' (and everything under it)
[1.027s] Copying ../../build/auto_bot/auto_bot.egg-info to /home/anmol/project_ws/install/auto_bot/lib/python3.8/site-packages/auto_bot-0.0.0-py3.8.egg-info
[1.028s] running install_scripts
[1.041s] Installing driving_auto_bot script to /home/anmol/project_ws/install/auto_bot/lib/auto_bot
[1.041s] Installing goal_auto_bot script to /home/anmol/project_ws/install/auto_bot/lib/auto_bot
[1.042s] Installing maze_solving script to /home/anmol/project_ws/install/auto_bot/lib/auto_bot
[1.042s] Installing vid_saving script to /home/anmol/project_ws/install/auto_bot/lib/auto_bot
[1.042s] writing list of installed files to '/home/anmol/project_ws/build/auto_bot/install.log'
[1.075s] Invoked command in '/home/anmol/project_ws/src/auto_bot' returned '0': PYTHONPATH=/home/anmol/project_ws/build/auto_bot/prefix_override:/home/anmol/project_ws/install/auto_bot/lib/python3.8/site-packages:${PYTHONPATH} /usr/bin/python3 setup.py egg_info --egg-base ../../build/auto_bot build --build-base /home/anmol/project_ws/build/auto_bot/build install --record /home/anmol/project_ws/build/auto_bot/install.log --single-version-externally-managed
