[0.773s] Invoking command in '/home/anmol/project_ws/src/auto_bot': PYTHONPATH=/home/anmol/project_ws/build/auto_bot/prefix_override:/home/anmol/project_ws/install/auto_bot/lib/python3.8/site-packages:${PYTHONPATH} /usr/bin/python3 setup.py egg_info --egg-base ../../build/auto_bot build --build-base /home/anmol/project_ws/build/auto_bot/build install --record /home/anmol/project_ws/build/auto_bot/install.log --single-version-externally-managed
[0.993s] running egg_info
[0.993s] writing ../../build/auto_bot/auto_bot.egg-info/PKG-INFO
[0.993s] writing dependency_links to ../../build/auto_bot/auto_bot.egg-info/dependency_links.txt
[0.993s] writing entry points to ../../build/auto_bot/auto_bot.egg-info/entry_points.txt
[0.994s] writing requirements to ../../build/auto_bot/auto_bot.egg-info/requires.txt
[0.994s] writing top-level names to ../../build/auto_bot/auto_bot.egg-info/top_level.txt
[1.028s] reading manifest file '../../build/auto_bot/auto_bot.egg-info/SOURCES.txt'
[1.030s] writing manifest file '../../build/auto_bot/auto_bot.egg-info/SOURCES.txt'
[1.030s] running build
[1.031s] running build_py
[1.031s] copying auto_bot/bot_motion_planning.py -> /home/anmol/project_ws/build/auto_bot/build/lib/auto_bot
[1.031s] running install
[1.033s] running install_lib
[1.034s] copying /home/anmol/project_ws/build/auto_bot/build/lib/auto_bot/bot_motion_planning.py -> /home/anmol/project_ws/install/auto_bot/lib/python3.8/site-packages/auto_bot
[1.034s] byte-compiling /home/anmol/project_ws/install/auto_bot/lib/python3.8/site-packages/auto_bot/bot_motion_planning.py to bot_motion_planning.cpython-38.pyc
[1.037s] running install_data
[1.038s] running install_egg_info
[1.040s] removing '/home/anmol/project_ws/install/auto_bot/lib/python3.8/site-packages/auto_bot-0.0.0-py3.8.egg-info' (and everything under it)
[1.040s] Copying ../../build/auto_bot/auto_bot.egg-info to /home/anmol/project_ws/install/auto_bot/lib/python3.8/site-packages/auto_bot-0.0.0-py3.8.egg-info
[1.041s] running install_scripts
[1.055s] Installing bot_localization script to /home/anmol/project_ws/install/auto_bot/lib/auto_bot
[1.056s] Installing bot_map=auto_bot.bot_mapping:mainbot_path_planning script to /home/anmol/project_ws/install/auto_bot/lib/auto_bot
[1.056s] Installing configuration script to /home/anmol/project_ws/install/auto_bot/lib/auto_bot
[1.056s] Installing driving_auto_bot script to /home/anmol/project_ws/install/auto_bot/lib/auto_bot
[1.056s] Installing goal_auto_bot script to /home/anmol/project_ws/install/auto_bot/lib/auto_bot
[1.057s] Installing maze_solving script to /home/anmol/project_ws/install/auto_bot/lib/auto_bot
[1.057s] Installing utilities script to /home/anmol/project_ws/install/auto_bot/lib/auto_bot
[1.057s] Installing vid_saving script to /home/anmol/project_ws/install/auto_bot/lib/auto_bot
[1.057s] writing list of installed files to '/home/anmol/project_ws/build/auto_bot/install.log'
[1.094s] Invoked command in '/home/anmol/project_ws/src/auto_bot' returned '0': PYTHONPATH=/home/anmol/project_ws/build/auto_bot/prefix_override:/home/anmol/project_ws/install/auto_bot/lib/python3.8/site-packages:${PYTHONPATH} /usr/bin/python3 setup.py egg_info --egg-base ../../build/auto_bot build --build-base /home/anmol/project_ws/build/auto_bot/build install --record /home/anmol/project_ws/build/auto_bot/install.log --single-version-externally-managed
