[0.677s] Invoking command in '/home/anmol/project_ws/src/auto_bot': PYTHONPATH=/home/anmol/project_ws/build/auto_bot/prefix_override:/home/anmol/project_ws/install/auto_bot/lib/python3.8/site-packages:${PYTHONPATH} /usr/bin/python3 setup.py egg_info --egg-base ../../build/auto_bot build --build-base /home/anmol/project_ws/build/auto_bot/build install --record /home/anmol/project_ws/build/auto_bot/install.log --single-version-externally-managed
[0.867s] running egg_info
[0.868s] writing ../../build/auto_bot/auto_bot.egg-info/PKG-INFO
[0.868s] writing dependency_links to ../../build/auto_bot/auto_bot.egg-info/dependency_links.txt
[0.868s] writing entry points to ../../build/auto_bot/auto_bot.egg-info/entry_points.txt
[0.868s] writing requirements to ../../build/auto_bot/auto_bot.egg-info/requires.txt
[0.868s] writing top-level names to ../../build/auto_bot/auto_bot.egg-info/top_level.txt
[0.899s] reading manifest file '../../build/auto_bot/auto_bot.egg-info/SOURCES.txt'
[0.899s] writing manifest file '../../build/auto_bot/auto_bot.egg-info/SOURCES.txt'
[0.900s] running build
[0.900s] running build_py
[0.900s] copying auto_bot/auto_bot_localization.py -> /home/anmol/project_ws/build/auto_bot/build/lib/auto_bot
[0.900s] copying auto_bot/maze_solving.py -> /home/anmol/project_ws/build/auto_bot/build/lib/auto_bot
[0.900s] running install
[0.901s] running install_lib
[0.902s] copying /home/anmol/project_ws/build/auto_bot/build/lib/auto_bot/auto_bot_localization.py -> /home/anmol/project_ws/install/auto_bot/lib/python3.8/site-packages/auto_bot
[0.902s] copying /home/anmol/project_ws/build/auto_bot/build/lib/auto_bot/maze_solving.py -> /home/anmol/project_ws/install/auto_bot/lib/python3.8/site-packages/auto_bot
[0.902s] byte-compiling /home/anmol/project_ws/install/auto_bot/lib/python3.8/site-packages/auto_bot/auto_bot_localization.py to auto_bot_localization.cpython-38.pyc
[0.904s] byte-compiling /home/anmol/project_ws/install/auto_bot/lib/python3.8/site-packages/auto_bot/maze_solving.py to maze_solving.cpython-38.pyc
[0.904s] running install_data
[0.905s] running install_egg_info
[0.906s] removing '/home/anmol/project_ws/install/auto_bot/lib/python3.8/site-packages/auto_bot-0.0.0-py3.8.egg-info' (and everything under it)
[0.906s] Copying ../../build/auto_bot/auto_bot.egg-info to /home/anmol/project_ws/install/auto_bot/lib/python3.8/site-packages/auto_bot-0.0.0-py3.8.egg-info
[0.907s] running install_scripts
[0.919s] Installing bot_localization script to /home/anmol/project_ws/install/auto_bot/lib/auto_bot
[0.919s] Installing configuration script to /home/anmol/project_ws/install/auto_bot/lib/auto_bot
[0.919s] Installing driving_auto_bot script to /home/anmol/project_ws/install/auto_bot/lib/auto_bot
[0.920s] Installing goal_auto_bot script to /home/anmol/project_ws/install/auto_bot/lib/auto_bot
[0.920s] Installing maze_solving script to /home/anmol/project_ws/install/auto_bot/lib/auto_bot
[0.920s] Installing utilities script to /home/anmol/project_ws/install/auto_bot/lib/auto_bot
[0.920s] Installing vid_saving script to /home/anmol/project_ws/install/auto_bot/lib/auto_bot
[0.920s] writing list of installed files to '/home/anmol/project_ws/build/auto_bot/install.log'
[0.947s] Invoked command in '/home/anmol/project_ws/src/auto_bot' returned '0': PYTHONPATH=/home/anmol/project_ws/build/auto_bot/prefix_override:/home/anmol/project_ws/install/auto_bot/lib/python3.8/site-packages:${PYTHONPATH} /usr/bin/python3 setup.py egg_info --egg-base ../../build/auto_bot build --build-base /home/anmol/project_ws/build/auto_bot/build install --record /home/anmol/project_ws/build/auto_bot/install.log --single-version-externally-managed
