[0.884s] Invoking command in '/home/anmol/project_ws/src/auto_bot': PYTHONPATH=/home/anmol/project_ws/build/auto_bot/prefix_override:/home/anmol/project_ws/install/auto_bot/lib/python3.8/site-packages:${PYTHONPATH} /usr/bin/python3 setup.py egg_info --egg-base ../../build/auto_bot build --build-base /home/anmol/project_ws/build/auto_bot/build install --record /home/anmol/project_ws/build/auto_bot/install.log --install-scripts $base/lib/auto_bot --single-version-externally-managed
[1.001s] /home/anmol/.local/lib/python3.8/site-packages/setuptools/dist.py:745: SetuptoolsDeprecationWarning: Invalid dash-separated options
[1.001s] !!
[1.001s] 
[1.001s]         ********************************************************************************
[1.002s]         Usage of dash-separated 'script-dir' will not be supported in future
[1.002s]         versions. Please use the underscore name 'script_dir' instead.
[1.002s] 
[1.002s]         By 2023-Sep-26, you need to update your project and remove deprecated calls
[1.002s]         or your builds will no longer be supported.
[1.002s] 
[1.002s]         See https://setuptools.pypa.io/en/latest/userguide/declarative_config.html for details.
[1.002s]         ********************************************************************************
[1.002s] 
[1.003s] !!
[1.003s]   opt = self.warn_dash_deprecation(opt, section)
[1.082s] running egg_info
[1.097s] writing ../../build/auto_bot/auto_bot.egg-info/PKG-INFO
[1.108s] writing dependency_links to ../../build/auto_bot/auto_bot.egg-info/dependency_links.txt
[1.108s] writing requirements to ../../build/auto_bot/auto_bot.egg-info/requires.txt
[1.108s] writing top-level names to ../../build/auto_bot/auto_bot.egg-info/top_level.txt
[1.217s] reading manifest file '../../build/auto_bot/auto_bot.egg-info/SOURCES.txt'
[1.218s] writing manifest file '../../build/auto_bot/auto_bot.egg-info/SOURCES.txt'
[1.218s] running build
[1.218s] running build_py
[1.219s] running install
[1.219s] /home/anmol/.local/lib/python3.8/site-packages/setuptools/_distutils/cmd.py:66: SetuptoolsDeprecationWarning: setup.py install is deprecated.
[1.219s] !!
[1.219s] 
[1.219s]         ********************************************************************************
[1.220s]         Please avoid running ``setup.py`` directly.
[1.220s]         Instead, use pypa/build, pypa/installer or other
[1.220s]         standards-based tools.
[1.220s] 
[1.220s]         See https://blog.ganssle.io/articles/2021/10/setup-py-deprecated.html for details.
[1.220s]         ********************************************************************************
[1.220s] 
[1.220s] !!
[1.220s]   self.initialize_options()
[1.224s] running install_lib
[1.237s] running install_data
[1.251s] running install_egg_info
[1.264s] removing '/home/anmol/project_ws/install/auto_bot/lib/python3.8/site-packages/auto_bot-0.0.0-py3.8.egg-info' (and everything under it)
[1.265s] Copying ../../build/auto_bot/auto_bot.egg-info to /home/anmol/project_ws/install/auto_bot/lib/python3.8/site-packages/auto_bot-0.0.0-py3.8.egg-info
[1.265s] running install_scripts
[1.316s] writing list of installed files to '/home/anmol/project_ws/build/auto_bot/install.log'
[1.348s] Invoked command in '/home/anmol/project_ws/src/auto_bot' returned '0': PYTHONPATH=/home/anmol/project_ws/build/auto_bot/prefix_override:/home/anmol/project_ws/install/auto_bot/lib/python3.8/site-packages:${PYTHONPATH} /usr/bin/python3 setup.py egg_info --egg-base ../../build/auto_bot build --build-base /home/anmol/project_ws/build/auto_bot/build install --record /home/anmol/project_ws/build/auto_bot/install.log --install-scripts $base/lib/auto_bot --single-version-externally-managed
