[0.678s] Invoking command in '/home/anmol/project_ws/src/auto_bot': PYTHONPATH=/home/anmol/project_ws/build/auto_bot/prefix_override:/home/anmol/project_ws/install/auto_bot/lib/python3.8/site-packages:${PYTHONPATH} /usr/bin/python3 setup.py egg_info --egg-base ../../build/auto_bot build --build-base /home/anmol/project_ws/build/auto_bot/build install --record /home/anmol/project_ws/build/auto_bot/install.log --single-version-externally-managed
[0.869s] running egg_info
[0.869s] writing ../../build/auto_bot/auto_bot.egg-info/PKG-INFO
[0.869s] writing dependency_links to ../../build/auto_bot/auto_bot.egg-info/dependency_links.txt
[0.870s] writing entry points to ../../build/auto_bot/auto_bot.egg-info/entry_points.txt
[0.870s] writing requirements to ../../build/auto_bot/auto_bot.egg-info/requires.txt
[0.870s] writing top-level names to ../../build/auto_bot/auto_bot.egg-info/top_level.txt
[0.897s] reading manifest file '../../build/auto_bot/auto_bot.egg-info/SOURCES.txt'
[0.898s] writing manifest file '../../build/auto_bot/auto_bot.egg-info/SOURCES.txt'
[0.898s] running build
[0.898s] running build_py
[0.898s] copying auto_bot/bot_pathplanning.py -> /home/anmol/project_ws/build/auto_bot/build/lib/auto_bot
[0.899s] running install
[0.899s] running install_lib
[0.900s] copying /home/anmol/project_ws/build/auto_bot/build/lib/auto_bot/bot_pathplanning.py -> /home/anmol/project_ws/install/auto_bot/lib/python3.8/site-packages/auto_bot
[0.901s] byte-compiling /home/anmol/project_ws/install/auto_bot/lib/python3.8/site-packages/auto_bot/bot_pathplanning.py to bot_pathplanning.cpython-38.pyc
[0.903s] running install_data
[0.904s] running install_egg_info
[0.905s] removing '/home/anmol/project_ws/install/auto_bot/lib/python3.8/site-packages/auto_bot-0.0.0-py3.8.egg-info' (and everything under it)
[0.905s] Copying ../../build/auto_bot/auto_bot.egg-info to /home/anmol/project_ws/install/auto_bot/lib/python3.8/site-packages/auto_bot-0.0.0-py3.8.egg-info
[0.906s] running install_scripts
[0.925s] Installing bot_localization script to /home/anmol/project_ws/install/auto_bot/lib/auto_bot
[0.925s] Installing bot_map=auto_bot.bot_mapping:mainbot_path_planning script to /home/anmol/project_ws/install/auto_bot/lib/auto_bot
[0.925s] Installing configuration script to /home/anmol/project_ws/install/auto_bot/lib/auto_bot
[0.926s] Installing driving_auto_bot script to /home/anmol/project_ws/install/auto_bot/lib/auto_bot
[0.926s] Installing goal_auto_bot script to /home/anmol/project_ws/install/auto_bot/lib/auto_bot
[0.926s] Installing maze_solving script to /home/anmol/project_ws/install/auto_bot/lib/auto_bot
[0.926s] Installing utilities script to /home/anmol/project_ws/install/auto_bot/lib/auto_bot
[0.927s] Installing vid_saving script to /home/anmol/project_ws/install/auto_bot/lib/auto_bot
[0.927s] writing list of installed files to '/home/anmol/project_ws/build/auto_bot/install.log'
[0.960s] Invoked command in '/home/anmol/project_ws/src/auto_bot' returned '0': PYTHONPATH=/home/anmol/project_ws/build/auto_bot/prefix_override:/home/anmol/project_ws/install/auto_bot/lib/python3.8/site-packages:${PYTHONPATH} /usr/bin/python3 setup.py egg_info --egg-base ../../build/auto_bot build --build-base /home/anmol/project_ws/build/auto_bot/build install --record /home/anmol/project_ws/build/auto_bot/install.log --single-version-externally-managed
