[0.741s] Invoking command in '/home/anmol/project_ws/src/auto_bot': PYTHONPATH=/home/anmol/project_ws/build/auto_bot/prefix_override:/home/anmol/project_ws/install/auto_bot/lib/python3.8/site-packages:${PYTHONPATH} /usr/bin/python3 setup.py egg_info --egg-base ../../build/auto_bot build --build-base /home/anmol/project_ws/build/auto_bot/build install --record /home/anmol/project_ws/build/auto_bot/install.log --single-version-externally-managed
[0.943s] running egg_info
[0.943s] writing ../../build/auto_bot/auto_bot.egg-info/PKG-INFO
[0.944s] writing dependency_links to ../../build/auto_bot/auto_bot.egg-info/dependency_links.txt
[0.944s] writing entry points to ../../build/auto_bot/auto_bot.egg-info/entry_points.txt
[0.944s] writing requirements to ../../build/auto_bot/auto_bot.egg-info/requires.txt
[0.944s] writing top-level names to ../../build/auto_bot/auto_bot.egg-info/top_level.txt
[0.975s] reading manifest file '../../build/auto_bot/auto_bot.egg-info/SOURCES.txt'
[0.976s] writing manifest file '../../build/auto_bot/auto_bot.egg-info/SOURCES.txt'
[0.976s] running build
[0.976s] running build_py
[0.976s] copying auto_bot/bot_pathplanning.py -> /home/anmol/project_ws/build/auto_bot/build/lib/auto_bot
[0.976s] copying auto_bot/maze_solving.py -> /home/anmol/project_ws/build/auto_bot/build/lib/auto_bot
[0.977s] copying auto_bot/bot_mapping.py -> /home/anmol/project_ws/build/auto_bot/build/lib/auto_bot
[0.977s] running install
[0.977s] running install_lib
[0.978s] copying /home/anmol/project_ws/build/auto_bot/build/lib/auto_bot/bot_pathplanning.py -> /home/anmol/project_ws/install/auto_bot/lib/python3.8/site-packages/auto_bot
[0.978s] copying /home/anmol/project_ws/build/auto_bot/build/lib/auto_bot/maze_solving.py -> /home/anmol/project_ws/install/auto_bot/lib/python3.8/site-packages/auto_bot
[0.978s] copying /home/anmol/project_ws/build/auto_bot/build/lib/auto_bot/bot_mapping.py -> /home/anmol/project_ws/install/auto_bot/lib/python3.8/site-packages/auto_bot
[0.979s] byte-compiling /home/anmol/project_ws/install/auto_bot/lib/python3.8/site-packages/auto_bot/bot_pathplanning.py to bot_pathplanning.cpython-38.pyc
[0.980s] byte-compiling /home/anmol/project_ws/install/auto_bot/lib/python3.8/site-packages/auto_bot/maze_solving.py to maze_solving.cpython-38.pyc
[0.981s] byte-compiling /home/anmol/project_ws/install/auto_bot/lib/python3.8/site-packages/auto_bot/bot_mapping.py to bot_mapping.cpython-38.pyc
[0.984s] running install_data
[0.985s] running install_egg_info
[0.986s] removing '/home/anmol/project_ws/install/auto_bot/lib/python3.8/site-packages/auto_bot-0.0.0-py3.8.egg-info' (and everything under it)
[0.986s] Copying ../../build/auto_bot/auto_bot.egg-info to /home/anmol/project_ws/install/auto_bot/lib/python3.8/site-packages/auto_bot-0.0.0-py3.8.egg-info
[0.987s] running install_scripts
[1.000s] Installing bot_localization script to /home/anmol/project_ws/install/auto_bot/lib/auto_bot
[1.001s] Installing bot_map script to /home/anmol/project_ws/install/auto_bot/lib/auto_bot
[1.001s] Installing configuration script to /home/anmol/project_ws/install/auto_bot/lib/auto_bot
[1.001s] Installing driving_auto_bot script to /home/anmol/project_ws/install/auto_bot/lib/auto_bot
[1.002s] Installing goal_auto_bot script to /home/anmol/project_ws/install/auto_bot/lib/auto_bot
[1.002s] Installing maze_solving script to /home/anmol/project_ws/install/auto_bot/lib/auto_bot
[1.002s] Installing utilities script to /home/anmol/project_ws/install/auto_bot/lib/auto_bot
[1.002s] Installing vid_saving script to /home/anmol/project_ws/install/auto_bot/lib/auto_bot
[1.002s] writing list of installed files to '/home/anmol/project_ws/build/auto_bot/install.log'
[1.035s] Invoked command in '/home/anmol/project_ws/src/auto_bot' returned '0': PYTHONPATH=/home/anmol/project_ws/build/auto_bot/prefix_override:/home/anmol/project_ws/install/auto_bot/lib/python3.8/site-packages:${PYTHONPATH} /usr/bin/python3 setup.py egg_info --egg-base ../../build/auto_bot build --build-base /home/anmol/project_ws/build/auto_bot/build install --record /home/anmol/project_ws/build/auto_bot/install.log --single-version-externally-managed
