[0.741s] Invoking command in '/home/anmol/project_ws/src/auto_bot': PYTHONPATH=/home/anmol/project_ws/build/auto_bot/prefix_override:/home/anmol/project_ws/install/auto_bot/lib/python3.8/site-packages:${PYTHONPATH} /usr/bin/python3 setup.py egg_info --egg-base ../../build/auto_bot build --build-base /home/anmol/project_ws/build/auto_bot/build install --record /home/anmol/project_ws/build/auto_bot/install.log --single-version-externally-managed
[0.942s] running egg_info
[0.942s] writing ../../build/auto_bot/auto_bot.egg-info/PKG-INFO
[0.942s] writing dependency_links to ../../build/auto_bot/auto_bot.egg-info/dependency_links.txt
[0.942s] writing entry points to ../../build/auto_bot/auto_bot.egg-info/entry_points.txt
[0.942s] writing requirements to ../../build/auto_bot/auto_bot.egg-info/requires.txt
[0.943s] writing top-level names to ../../build/auto_bot/auto_bot.egg-info/top_level.txt
[0.980s] reading manifest file '../../build/auto_bot/auto_bot.egg-info/SOURCES.txt'
[0.982s] writing manifest file '../../build/auto_bot/auto_bot.egg-info/SOURCES.txt'
[0.982s] running build
[0.982s] running build_py
[0.983s] copying auto_bot/bot_motion_planning.py -> /home/anmol/project_ws/build/auto_bot/build/lib/auto_bot
[0.983s] copying auto_bot/bot_pathplanning.py -> /home/anmol/project_ws/build/auto_bot/build/lib/auto_bot
[0.983s] copying auto_bot/auto_bot_localization.py -> /home/anmol/project_ws/build/auto_bot/build/lib/auto_bot
[0.983s] copying auto_bot/maze_solving.py -> /home/anmol/project_ws/build/auto_bot/build/lib/auto_bot
[0.984s] copying auto_bot/reach_goal.py -> /home/anmol/project_ws/build/auto_bot/build/lib/auto_bot
[0.984s] running install
[0.984s] running install_lib
[0.984s] copying /home/anmol/project_ws/build/auto_bot/build/lib/auto_bot/bot_motion_planning.py -> /home/anmol/project_ws/install/auto_bot/lib/python3.8/site-packages/auto_bot
[0.984s] copying /home/anmol/project_ws/build/auto_bot/build/lib/auto_bot/bot_pathplanning.py -> /home/anmol/project_ws/install/auto_bot/lib/python3.8/site-packages/auto_bot
[0.985s] copying /home/anmol/project_ws/build/auto_bot/build/lib/auto_bot/auto_bot_localization.py -> /home/anmol/project_ws/install/auto_bot/lib/python3.8/site-packages/auto_bot
[0.985s] copying /home/anmol/project_ws/build/auto_bot/build/lib/auto_bot/maze_solving.py -> /home/anmol/project_ws/install/auto_bot/lib/python3.8/site-packages/auto_bot
[0.985s] copying /home/anmol/project_ws/build/auto_bot/build/lib/auto_bot/reach_goal.py -> /home/anmol/project_ws/install/auto_bot/lib/python3.8/site-packages/auto_bot
[0.985s] byte-compiling /home/anmol/project_ws/install/auto_bot/lib/python3.8/site-packages/auto_bot/bot_motion_planning.py to bot_motion_planning.cpython-38.pyc
[0.986s] byte-compiling /home/anmol/project_ws/install/auto_bot/lib/python3.8/site-packages/auto_bot/bot_pathplanning.py to bot_pathplanning.cpython-38.pyc
[0.988s] byte-compiling /home/anmol/project_ws/install/auto_bot/lib/python3.8/site-packages/auto_bot/auto_bot_localization.py to auto_bot_localization.cpython-38.pyc
[0.989s] byte-compiling /home/anmol/project_ws/install/auto_bot/lib/python3.8/site-packages/auto_bot/maze_solving.py to maze_solving.cpython-38.pyc
[0.990s] byte-compiling /home/anmol/project_ws/install/auto_bot/lib/python3.8/site-packages/auto_bot/reach_goal.py to reach_goal.cpython-38.pyc
[0.990s] running install_data
[0.991s] running install_egg_info
[0.992s] removing '/home/anmol/project_ws/install/auto_bot/lib/python3.8/site-packages/auto_bot-0.0.0-py3.8.egg-info' (and everything under it)
[0.993s] Copying ../../build/auto_bot/auto_bot.egg-info to /home/anmol/project_ws/install/auto_bot/lib/python3.8/site-packages/auto_bot-0.0.0-py3.8.egg-info
[0.993s] running install_scripts
[1.006s] Installing bot_localization script to /home/anmol/project_ws/install/auto_bot/lib/auto_bot
[1.007s] Installing bot_map=auto_bot.bot_mapping:mainbot_path_planning script to /home/anmol/project_ws/install/auto_bot/lib/auto_bot
[1.007s] Installing configuration script to /home/anmol/project_ws/install/auto_bot/lib/auto_bot
[1.007s] Installing driving_auto_bot script to /home/anmol/project_ws/install/auto_bot/lib/auto_bot
[1.007s] Installing goal_auto_bot script to /home/anmol/project_ws/install/auto_bot/lib/auto_bot
[1.007s] Installing maze_solving script to /home/anmol/project_ws/install/auto_bot/lib/auto_bot
[1.007s] Installing utilities script to /home/anmol/project_ws/install/auto_bot/lib/auto_bot
[1.008s] Installing vid_saving script to /home/anmol/project_ws/install/auto_bot/lib/auto_bot
[1.008s] writing list of installed files to '/home/anmol/project_ws/build/auto_bot/install.log'
[1.039s] Invoked command in '/home/anmol/project_ws/src/auto_bot' returned '0': PYTHONPATH=/home/anmol/project_ws/build/auto_bot/prefix_override:/home/anmol/project_ws/install/auto_bot/lib/python3.8/site-packages:${PYTHONPATH} /usr/bin/python3 setup.py egg_info --egg-base ../../build/auto_bot build --build-base /home/anmol/project_ws/build/auto_bot/build install --record /home/anmol/project_ws/build/auto_bot/install.log --single-version-externally-managed
