[0.714s] Invoking command in '/home/anmol/project_ws/src/auto_bot': PYTHONPATH=/home/anmol/project_ws/build/auto_bot/prefix_override:/home/anmol/project_ws/install/auto_bot/lib/python3.8/site-packages:${PYTHONPATH} /usr/bin/python3 setup.py egg_info --egg-base ../../build/auto_bot build --build-base /home/anmol/project_ws/build/auto_bot/build install --record /home/anmol/project_ws/build/auto_bot/install.log --single-version-externally-managed
[0.937s] running egg_info
[0.938s] writing ../../build/auto_bot/auto_bot.egg-info/PKG-INFO
[0.938s] writing dependency_links to ../../build/auto_bot/auto_bot.egg-info/dependency_links.txt
[0.938s] writing entry points to ../../build/auto_bot/auto_bot.egg-info/entry_points.txt
[0.938s] writing requirements to ../../build/auto_bot/auto_bot.egg-info/requires.txt
[0.938s] writing top-level names to ../../build/auto_bot/auto_bot.egg-info/top_level.txt
[0.967s] reading manifest file '../../build/auto_bot/auto_bot.egg-info/SOURCES.txt'
[0.968s] writing manifest file '../../build/auto_bot/auto_bot.egg-info/SOURCES.txt'
[0.968s] running build
[0.968s] running build_py
[0.968s] running install
[0.969s] running install_lib
[0.970s] running install_data
[0.971s] running install_egg_info
[0.972s] removing '/home/anmol/project_ws/install/auto_bot/lib/python3.8/site-packages/auto_bot-0.0.0-py3.8.egg-info' (and everything under it)
[0.973s] Copying ../../build/auto_bot/auto_bot.egg-info to /home/anmol/project_ws/install/auto_bot/lib/python3.8/site-packages/auto_bot-0.0.0-py3.8.egg-info
[0.973s] running install_scripts
[0.986s] Installing bot_localization script to /home/anmol/project_ws/install/auto_bot/lib/auto_bot
[0.987s] Installing configuration script to /home/anmol/project_ws/install/auto_bot/lib/auto_bot
[0.987s] Installing driving_auto_bot script to /home/anmol/project_ws/install/auto_bot/lib/auto_bot
[0.987s] Installing goal_auto_bot script to /home/anmol/project_ws/install/auto_bot/lib/auto_bot
[0.987s] Installing maze_solving script to /home/anmol/project_ws/install/auto_bot/lib/auto_bot
[0.987s] Installing utilities script to /home/anmol/project_ws/install/auto_bot/lib/auto_bot
[0.987s] Installing vid_saving script to /home/anmol/project_ws/install/auto_bot/lib/auto_bot
[0.987s] writing list of installed files to '/home/anmol/project_ws/build/auto_bot/install.log'
[1.016s] Invoked command in '/home/anmol/project_ws/src/auto_bot' returned '0': PYTHONPATH=/home/anmol/project_ws/build/auto_bot/prefix_override:/home/anmol/project_ws/install/auto_bot/lib/python3.8/site-packages:${PYTHONPATH} /usr/bin/python3 setup.py egg_info --egg-base ../../build/auto_bot build --build-base /home/anmol/project_ws/build/auto_bot/build install --record /home/anmol/project_ws/build/auto_bot/install.log --single-version-externally-managed
