[0.701s] Invoking command in '/home/anmol/project_ws/src/auto_bot': PYTHONPATH=/home/anmol/project_ws/build/auto_bot/prefix_override:/home/anmol/project_ws/install/auto_bot/lib/python3.8/site-packages: /usr/bin/python3 setup.py egg_info --egg-base ../../build/auto_bot build --build-base /home/anmol/project_ws/build/auto_bot/build install --record /home/anmol/project_ws/build/auto_bot/install.log --single-version-externally-managed
[0.867s] running egg_info
[0.867s] writing ../../build/auto_bot/auto_bot.egg-info/PKG-INFO
[0.878s] writing dependency_links to ../../build/auto_bot/auto_bot.egg-info/dependency_links.txt
[0.878s] writing entry points to ../../build/auto_bot/auto_bot.egg-info/entry_points.txt
[0.878s] writing requirements to ../../build/auto_bot/auto_bot.egg-info/requires.txt
[0.878s] writing top-level names to ../../build/auto_bot/auto_bot.egg-info/top_level.txt
[0.916s] reading manifest file '../../build/auto_bot/auto_bot.egg-info/SOURCES.txt'
[0.917s] writing manifest file '../../build/auto_bot/auto_bot.egg-info/SOURCES.txt'
[0.917s] running build
[0.917s] running build_py
[0.917s] running install
[0.918s] running install_lib
[0.919s] running install_data
[0.920s] running install_egg_info
[0.921s] removing '/home/anmol/project_ws/install/auto_bot/lib/python3.8/site-packages/auto_bot-0.0.0-py3.8.egg-info' (and everything under it)
[0.921s] Copying ../../build/auto_bot/auto_bot.egg-info to /home/anmol/project_ws/install/auto_bot/lib/python3.8/site-packages/auto_bot-0.0.0-py3.8.egg-info
[0.923s] running install_scripts
[0.936s] writing list of installed files to '/home/anmol/project_ws/build/auto_bot/install.log'
[0.964s] Invoked command in '/home/anmol/project_ws/src/auto_bot' returned '0': PYTHONPATH=/home/anmol/project_ws/build/auto_bot/prefix_override:/home/anmol/project_ws/install/auto_bot/lib/python3.8/site-packages: /usr/bin/python3 setup.py egg_info --egg-base ../../build/auto_bot build --build-base /home/anmol/project_ws/build/auto_bot/build install --record /home/anmol/project_ws/build/auto_bot/install.log --single-version-externally-managed
