[0.840s] Invoking command in '/home/anmol/project_ws/src/auto_bot': PYTHONPATH=/home/anmol/project_ws/build/auto_bot/prefix_override:/home/anmol/project_ws/install/auto_bot/lib/python3.8/site-packages:${PYTHONPATH} /usr/bin/python3 setup.py egg_info --egg-base ../../build/auto_bot build --build-base /home/anmol/project_ws/build/auto_bot/build install --record /home/anmol/project_ws/build/auto_bot/install.log --install-scripts $base/lib/auto_bot --single-version-externally-managed
[0.960s] /home/anmol/.local/lib/python3.8/site-packages/setuptools/dist.py:745: SetuptoolsDeprecationWarning: Invalid dash-separated options
[0.960s] !!
[0.961s] 
[0.961s]         ********************************************************************************
[0.961s]         Usage of dash-separated 'script-dir' will not be supported in future
[0.961s]         versions. Please use the underscore name 'script_dir' instead.
[0.961s] 
[0.961s]         By 2023-Sep-26, you need to update your project and remove deprecated calls
[0.961s]         or your builds will no longer be supported.
[0.962s] 
[0.962s]         See https://setuptools.pypa.io/en/latest/userguide/declarative_config.html for details.
[0.962s]         ********************************************************************************
[0.962s] 
[0.962s] !!
[0.962s]   opt = self.warn_dash_deprecation(opt, section)
[1.062s] running egg_info
[1.079s] writing ../../build/auto_bot/auto_bot.egg-info/PKG-INFO
[1.079s] writing dependency_links to ../../build/auto_bot/auto_bot.egg-info/dependency_links.txt
[1.079s] writing requirements to ../../build/auto_bot/auto_bot.egg-info/requires.txt
[1.079s] writing top-level names to ../../build/auto_bot/auto_bot.egg-info/top_level.txt
[1.191s] reading manifest file '../../build/auto_bot/auto_bot.egg-info/SOURCES.txt'
[1.192s] writing manifest file '../../build/auto_bot/auto_bot.egg-info/SOURCES.txt'
[1.192s] running build
[1.192s] running build_py
[1.193s] running install
[1.193s] /home/anmol/.local/lib/python3.8/site-packages/setuptools/_distutils/cmd.py:66: SetuptoolsDeprecationWarning: setup.py install is deprecated.
[1.193s] !!
[1.193s] 
[1.193s]         ********************************************************************************
[1.193s]         Please avoid running ``setup.py`` directly.
[1.193s]         Instead, use pypa/build, pypa/installer or other
[1.194s]         standards-based tools.
[1.194s] 
[1.194s]         See https://blog.ganssle.io/articles/2021/10/setup-py-deprecated.html for details.
[1.194s]         ********************************************************************************
[1.194s] 
[1.194s] !!
[1.194s]   self.initialize_options()
[1.198s] running install_lib
[1.213s] running install_data
[1.229s] copying launch/gazebo.launch.py -> /home/anmol/project_ws/install/auto_bot/share/auto_bot/launch
[1.230s] running install_egg_info
[1.246s] removing '/home/anmol/project_ws/install/auto_bot/lib/python3.8/site-packages/auto_bot-0.0.0-py3.8.egg-info' (and everything under it)
[1.246s] Copying ../../build/auto_bot/auto_bot.egg-info to /home/anmol/project_ws/install/auto_bot/lib/python3.8/site-packages/auto_bot-0.0.0-py3.8.egg-info
[1.247s] running install_scripts
[1.306s] writing list of installed files to '/home/anmol/project_ws/build/auto_bot/install.log'
[1.344s] Invoked command in '/home/anmol/project_ws/src/auto_bot' returned '0': PYTHONPATH=/home/anmol/project_ws/build/auto_bot/prefix_override:/home/anmol/project_ws/install/auto_bot/lib/python3.8/site-packages:${PYTHONPATH} /usr/bin/python3 setup.py egg_info --egg-base ../../build/auto_bot build --build-base /home/anmol/project_ws/build/auto_bot/build install --record /home/anmol/project_ws/build/auto_bot/install.log --install-scripts $base/lib/auto_bot --single-version-externally-managed
