/home/anmol/project_ws/install/auto_bot/lib/python3.8/site-packages/auto_bot/bot_motion_planning.py
/home/anmol/project_ws/install/auto_bot/lib/python3.8/site-packages/auto_bot/bot_pathplanning.py
/home/anmol/project_ws/install/auto_bot/lib/python3.8/site-packages/auto_bot/__init__.py
/home/anmol/project_ws/install/auto_bot/lib/python3.8/site-packages/auto_bot/config.py
/home/anmol/project_ws/install/auto_bot/lib/python3.8/site-packages/auto_bot/auto_bot_localization.py
/home/anmol/project_ws/install/auto_bot/lib/python3.8/site-packages/auto_bot/maze_solving.py
/home/anmol/project_ws/install/auto_bot/lib/python3.8/site-packages/auto_bot/utilities.py
/home/anmol/project_ws/install/auto_bot/lib/python3.8/site-packages/auto_bot/driver_node.py
/home/anmol/project_ws/install/auto_bot/lib/python3.8/site-packages/auto_bot/reach_goal.py
/home/anmol/project_ws/install/auto_bot/lib/python3.8/site-packages/auto_bot/bot_mapping.py
/home/anmol/project_ws/install/auto_bot/lib/python3.8/site-packages/auto_bot/video_saver_node.py
/home/anmol/project_ws/install/auto_bot/lib/python3.8/site-packages/auto_bot/__pycache__/bot_motion_planning.cpython-38.pyc
/home/anmol/project_ws/install/auto_bot/lib/python3.8/site-packages/auto_bot/__pycache__/bot_pathplanning.cpython-38.pyc
/home/anmol/project_ws/install/auto_bot/lib/python3.8/site-packages/auto_bot/__pycache__/__init__.cpython-38.pyc
/home/anmol/project_ws/install/auto_bot/lib/python3.8/site-packages/auto_bot/__pycache__/config.cpython-38.pyc
/home/anmol/project_ws/install/auto_bot/lib/python3.8/site-packages/auto_bot/__pycache__/auto_bot_localization.cpython-38.pyc
/home/anmol/project_ws/install/auto_bot/lib/python3.8/site-packages/auto_bot/__pycache__/maze_solving.cpython-38.pyc
/home/anmol/project_ws/install/auto_bot/lib/python3.8/site-packages/auto_bot/__pycache__/utilities.cpython-38.pyc
/home/anmol/project_ws/install/auto_bot/lib/python3.8/site-packages/auto_bot/__pycache__/driver_node.cpython-38.pyc
/home/anmol/project_ws/install/auto_bot/lib/python3.8/site-packages/auto_bot/__pycache__/reach_goal.cpython-38.pyc
/home/anmol/project_ws/install/auto_bot/lib/python3.8/site-packages/auto_bot/__pycache__/bot_mapping.cpython-38.pyc
/home/anmol/project_ws/install/auto_bot/lib/python3.8/site-packages/auto_bot/__pycache__/video_saver_node.cpython-38.pyc
/home/anmol/project_ws/install/auto_bot/share/ament_index/resource_index/packages/auto_bot
/home/anmol/project_ws/install/auto_bot/share/auto_bot/package.xml
/home/anmol/project_ws/install/auto_bot/share/auto_bot/urdf/auto_bot.urdf
/home/anmol/project_ws/install/auto_bot/share/auto_bot/meshes/base_link.stl
/home/anmol/project_ws/install/auto_bot/share/auto_bot/meshes/front_caster.stl
/home/anmol/project_ws/install/auto_bot/share/auto_bot/meshes/wheel_l.stl
/home/anmol/project_ws/install/auto_bot/share/auto_bot/meshes/wheel_r.stl
/home/anmol/project_ws/install/auto_bot/share/auto_bot/launch/gazebo.launch.py
/home/anmol/project_ws/install/auto_bot/share/auto_bot/launch/auto_bot_camera.launch.py
/home/anmol/project_ws/install/auto_bot/share/auto_bot/launch/rviz.launch.py
/home/anmol/project_ws/install/auto_bot/share/auto_bot/worlds/maze_2.world
/home/anmol/project_ws/install/auto_bot/share/auto_bot/worlds/maze_1.world
/home/anmol/project_ws/install/auto_bot/lib/python3.8/site-packages/auto_bot-0.0.0-py3.8.egg-info/entry_points.txt
/home/anmol/project_ws/install/auto_bot/lib/python3.8/site-packages/auto_bot-0.0.0-py3.8.egg-info/requires.txt
/home/anmol/project_ws/install/auto_bot/lib/python3.8/site-packages/auto_bot-0.0.0-py3.8.egg-info/PKG-INFO
/home/anmol/project_ws/install/auto_bot/lib/python3.8/site-packages/auto_bot-0.0.0-py3.8.egg-info/top_level.txt
/home/anmol/project_ws/install/auto_bot/lib/python3.8/site-packages/auto_bot-0.0.0-py3.8.egg-info/zip-safe
/home/anmol/project_ws/install/auto_bot/lib/python3.8/site-packages/auto_bot-0.0.0-py3.8.egg-info/SOURCES.txt
/home/anmol/project_ws/install/auto_bot/lib/python3.8/site-packages/auto_bot-0.0.0-py3.8.egg-info/dependency_links.txt
/home/anmol/project_ws/install/auto_bot/lib/auto_bot/bot_localization
/home/anmol/project_ws/install/auto_bot/lib/auto_bot/bot_map=auto_bot.bot_mapping:mainbot_path_planning
/home/anmol/project_ws/install/auto_bot/lib/auto_bot/configuration
/home/anmol/project_ws/install/auto_bot/lib/auto_bot/driving_auto_bot
/home/anmol/project_ws/install/auto_bot/lib/auto_bot/goal_auto_bot
/home/anmol/project_ws/install/auto_bot/lib/auto_bot/maze_solving
/home/anmol/project_ws/install/auto_bot/lib/auto_bot/utilities
/home/anmol/project_ws/install/auto_bot/lib/auto_bot/vid_saving
