[0.758s] Invoking command in '/home/anmol/project_ws/src/auto_bot': PYTHONPATH=/home/anmol/project_ws/build/auto_bot/prefix_override:/home/anmol/project_ws/install/auto_bot/lib/python3.8/site-packages:${PYTHONPATH} /usr/bin/python3 setup.py egg_info --egg-base ../../build/auto_bot build --build-base /home/anmol/project_ws/build/auto_bot/build install --record /home/anmol/project_ws/build/auto_bot/install.log --single-version-externally-managed
[0.964s] running egg_info
[0.964s] writing ../../build/auto_bot/auto_bot.egg-info/PKG-INFO
[0.964s] writing dependency_links to ../../build/auto_bot/auto_bot.egg-info/dependency_links.txt
[0.964s] writing entry points to ../../build/auto_bot/auto_bot.egg-info/entry_points.txt
[0.965s] writing requirements to ../../build/auto_bot/auto_bot.egg-info/requires.txt
[0.965s] writing top-level names to ../../build/auto_bot/auto_bot.egg-info/top_level.txt
[0.994s] reading manifest file '../../build/auto_bot/auto_bot.egg-info/SOURCES.txt'
[0.994s] writing manifest file '../../build/auto_bot/auto_bot.egg-info/SOURCES.txt'
[0.994s] running build
[0.994s] running build_py
[0.995s] running install
[0.995s] running install_lib
[0.996s] running install_data
[0.997s] running install_egg_info
[0.999s] removing '/home/anmol/project_ws/install/auto_bot/lib/python3.8/site-packages/auto_bot-0.0.0-py3.8.egg-info' (and everything under it)
[0.999s] Copying ../../build/auto_bot/auto_bot.egg-info to /home/anmol/project_ws/install/auto_bot/lib/python3.8/site-packages/auto_bot-0.0.0-py3.8.egg-info
[1.000s] running install_scripts
[1.018s] Installing driving_auto_bot script to /home/anmol/project_ws/install/auto_bot/lib/auto_bot
[1.018s] Installing goal_auto_bot script to /home/anmol/project_ws/install/auto_bot/lib/auto_bot
[1.019s] writing list of installed files to '/home/anmol/project_ws/build/auto_bot/install.log'
[1.056s] Invoked command in '/home/anmol/project_ws/src/auto_bot' returned '0': PYTHONPATH=/home/anmol/project_ws/build/auto_bot/prefix_override:/home/anmol/project_ws/install/auto_bot/lib/python3.8/site-packages:${PYTHONPATH} /usr/bin/python3 setup.py egg_info --egg-base ../../build/auto_bot build --build-base /home/anmol/project_ws/build/auto_bot/build install --record /home/anmol/project_ws/build/auto_bot/install.log --single-version-externally-managed
