[0.306s] DEBUG:colcon:Command line arguments: ['/usr/bin/colcon', 'list', '-p', '--base-paths', '/home/anmol/project_ws']
[0.307s] DEBUG:colcon:Parsed command line arguments: Namespace(allow_overriding=[], base_paths=['/home/anmol/project_ws'], build_base='build', ignore_user_meta=False, log_base=None, log_level=None, main=<bound method ListVerb.main of <colcon_package_information.verb.list.ListVerb object at 0x7f9988fe6760>>, metas=['./colcon.meta'], names_only=False, packages_above=None, packages_above_and_dependencies=None, packages_above_depth=None, packages_end=None, packages_ignore=None, packages_ignore_regex=None, packages_select=None, packages_select_build_failed=False, packages_select_by_dep=None, packages_select_regex=None, packages_select_test_failures=False, packages_skip=None, packages_skip_build_finished=False, packages_skip_by_dep=None, packages_skip_regex=None, packages_skip_test_passed=False, packages_skip_up_to=None, packages_start=None, packages_up_to=None, packages_up_to_regex=None, paths=None, paths_only=True, topological_graph=False, topological_graph_density=False, topological_graph_dot=False, topological_graph_dot_cluster=False, topological_graph_dot_include_skipped=False, topological_graph_legend=False, topological_order=False, verb_extension=<colcon_package_information.verb.list.ListVerb object at 0x7f9988fe6760>, verb_name='list', verb_parser=<colcon_defaults.argument_parser.defaults.DefaultArgumentsDecorator object at 0x7f9988f444f0>)
[0.335s] Level 1:colcon.colcon_core.package_discovery:discover_packages(colcon_meta) check parameters
[0.335s] Level 1:colcon.colcon_core.package_discovery:discover_packages(recursive) check parameters
[0.335s] Level 1:colcon.colcon_core.package_discovery:discover_packages(ignore) check parameters
[0.336s] Level 1:colcon.colcon_core.package_discovery:discover_packages(path) check parameters
[0.336s] Level 1:colcon.colcon_core.package_discovery:discover_packages(recursive) discover
[0.336s] INFO:colcon.colcon_core.package_discovery:Crawling recursively for packages in '/home/anmol/project_ws'
[0.336s] Level 1:colcon.colcon_core.package_identification:_identify(/home/anmol/project_ws) by extensions ['ignore', 'ignore_ament_install']
[0.336s] Level 1:colcon.colcon_core.package_identification:_identify(/home/anmol/project_ws) by extension 'ignore'
[0.336s] Level 1:colcon.colcon_core.package_identification:_identify(/home/anmol/project_ws) by extension 'ignore_ament_install'
[0.336s] Level 1:colcon.colcon_core.package_identification:_identify(/home/anmol/project_ws) by extensions ['colcon_pkg']
[0.336s] Level 1:colcon.colcon_core.package_identification:_identify(/home/anmol/project_ws) by extension 'colcon_pkg'
[0.336s] Level 1:colcon.colcon_core.package_identification:_identify(/home/anmol/project_ws) by extensions ['colcon_meta']
[0.336s] Level 1:colcon.colcon_core.package_identification:_identify(/home/anmol/project_ws) by extension 'colcon_meta'
[0.336s] Level 1:colcon.colcon_core.package_identification:_identify(/home/anmol/project_ws) by extensions ['ros']
[0.336s] Level 1:colcon.colcon_core.package_identification:_identify(/home/anmol/project_ws) by extension 'ros'
[0.362s] Level 1:colcon.colcon_core.package_identification:_identify(/home/anmol/project_ws) by extensions ['cmake', 'python']
[0.362s] Level 1:colcon.colcon_core.package_identification:_identify(/home/anmol/project_ws) by extension 'cmake'
[0.363s] Level 1:colcon.colcon_core.package_identification:_identify(/home/anmol/project_ws) by extension 'python'
[0.363s] Level 1:colcon.colcon_core.package_identification:_identify(/home/anmol/project_ws) by extensions ['python_setup_py']
[0.363s] Level 1:colcon.colcon_core.package_identification:_identify(/home/anmol/project_ws) by extension 'python_setup_py'
[0.363s] Level 1:colcon.colcon_core.package_identification:_identify(/home/anmol/project_ws/build) by extensions ['ignore', 'ignore_ament_install']
[0.363s] Level 1:colcon.colcon_core.package_identification:_identify(/home/anmol/project_ws/build) by extension 'ignore'
[0.363s] Level 1:colcon.colcon_core.package_identification:_identify(/home/anmol/project_ws/build) ignored
[0.363s] Level 1:colcon.colcon_core.package_identification:_identify(/home/anmol/project_ws/install) by extensions ['ignore', 'ignore_ament_install']
[0.363s] Level 1:colcon.colcon_core.package_identification:_identify(/home/anmol/project_ws/install) by extension 'ignore'
[0.363s] Level 1:colcon.colcon_core.package_identification:_identify(/home/anmol/project_ws/install) ignored
[0.363s] Level 1:colcon.colcon_core.package_identification:_identify(/home/anmol/project_ws/log) by extensions ['ignore', 'ignore_ament_install']
[0.363s] Level 1:colcon.colcon_core.package_identification:_identify(/home/anmol/project_ws/log) by extension 'ignore'
[0.363s] Level 1:colcon.colcon_core.package_identification:_identify(/home/anmol/project_ws/log) ignored
[0.363s] Level 1:colcon.colcon_core.package_identification:_identify(/home/anmol/project_ws/myenv) by extensions ['ignore', 'ignore_ament_install']
[0.364s] Level 1:colcon.colcon_core.package_identification:_identify(/home/anmol/project_ws/myenv) by extension 'ignore'
[0.364s] Level 1:colcon.colcon_core.package_identification:_identify(/home/anmol/project_ws/myenv) by extension 'ignore_ament_install'
[0.364s] Level 1:colcon.colcon_core.package_identification:_identify(/home/anmol/project_ws/myenv) by extensions ['colcon_pkg']
[0.364s] Level 1:colcon.colcon_core.package_identification:_identify(/home/anmol/project_ws/myenv) by extension 'colcon_pkg'
[0.364s] Level 1:colcon.colcon_core.package_identification:_identify(/home/anmol/project_ws/myenv) by extensions ['colcon_meta']
[0.364s] Level 1:colcon.colcon_core.package_identification:_identify(/home/anmol/project_ws/myenv) by extension 'colcon_meta'
[0.364s] Level 1:colcon.colcon_core.package_identification:_identify(/home/anmol/project_ws/myenv) by extensions ['ros']
[0.364s] Level 1:colcon.colcon_core.package_identification:_identify(/home/anmol/project_ws/myenv) by extension 'ros'
[0.364s] Level 1:colcon.colcon_core.package_identification:_identify(/home/anmol/project_ws/myenv) by extensions ['cmake', 'python']
[0.364s] Level 1:colcon.colcon_core.package_identification:_identify(/home/anmol/project_ws/myenv) by extension 'cmake'
[0.364s] Level 1:colcon.colcon_core.package_identification:_identify(/home/anmol/project_ws/myenv) by extension 'python'
[0.364s] Level 1:colcon.colcon_core.package_identification:_identify(/home/anmol/project_ws/myenv) by extensions ['python_setup_py']
[0.364s] Level 1:colcon.colcon_core.package_identification:_identify(/home/anmol/project_ws/myenv) by extension 'python_setup_py'
[0.364s] Level 1:colcon.colcon_core.package_identification:_identify(/home/anmol/project_ws/myenv/bin) by extensions ['ignore', 'ignore_ament_install']
[0.364s] Level 1:colcon.colcon_core.package_identification:_identify(/home/anmol/project_ws/myenv/bin) by extension 'ignore'
[0.364s] Level 1:colcon.colcon_core.package_identification:_identify(/home/anmol/project_ws/myenv/bin) by extension 'ignore_ament_install'
[0.364s] Level 1:colcon.colcon_core.package_identification:_identify(/home/anmol/project_ws/myenv/bin) by extensions ['colcon_pkg']
[0.364s] Level 1:colcon.colcon_core.package_identification:_identify(/home/anmol/project_ws/myenv/bin) by extension 'colcon_pkg'
[0.364s] Level 1:colcon.colcon_core.package_identification:_identify(/home/anmol/project_ws/myenv/bin) by extensions ['colcon_meta']
[0.364s] Level 1:colcon.colcon_core.package_identification:_identify(/home/anmol/project_ws/myenv/bin) by extension 'colcon_meta'
[0.364s] Level 1:colcon.colcon_core.package_identification:_identify(/home/anmol/project_ws/myenv/bin) by extensions ['ros']
[0.364s] Level 1:colcon.colcon_core.package_identification:_identify(/home/anmol/project_ws/myenv/bin) by extension 'ros'
[0.365s] Level 1:colcon.colcon_core.package_identification:_identify(/home/anmol/project_ws/myenv/bin) by extensions ['cmake', 'python']
[0.365s] Level 1:colcon.colcon_core.package_identification:_identify(/home/anmol/project_ws/myenv/bin) by extension 'cmake'
[0.365s] Level 1:colcon.colcon_core.package_identification:_identify(/home/anmol/project_ws/myenv/bin) by extension 'python'
[0.365s] Level 1:colcon.colcon_core.package_identification:_identify(/home/anmol/project_ws/myenv/bin) by extensions ['python_setup_py']
[0.365s] Level 1:colcon.colcon_core.package_identification:_identify(/home/anmol/project_ws/myenv/bin) by extension 'python_setup_py'
[0.365s] Level 1:colcon.colcon_core.package_identification:_identify(/home/anmol/project_ws/myenv/include) by extensions ['ignore', 'ignore_ament_install']
[0.365s] Level 1:colcon.colcon_core.package_identification:_identify(/home/anmol/project_ws/myenv/include) by extension 'ignore'
[0.365s] Level 1:colcon.colcon_core.package_identification:_identify(/home/anmol/project_ws/myenv/include) by extension 'ignore_ament_install'
[0.365s] Level 1:colcon.colcon_core.package_identification:_identify(/home/anmol/project_ws/myenv/include) by extensions ['colcon_pkg']
[0.365s] Level 1:colcon.colcon_core.package_identification:_identify(/home/anmol/project_ws/myenv/include) by extension 'colcon_pkg'
[0.365s] Level 1:colcon.colcon_core.package_identification:_identify(/home/anmol/project_ws/myenv/include) by extensions ['colcon_meta']
[0.365s] Level 1:colcon.colcon_core.package_identification:_identify(/home/anmol/project_ws/myenv/include) by extension 'colcon_meta'
[0.365s] Level 1:colcon.colcon_core.package_identification:_identify(/home/anmol/project_ws/myenv/include) by extensions ['ros']
[0.365s] Level 1:colcon.colcon_core.package_identification:_identify(/home/anmol/project_ws/myenv/include) by extension 'ros'
[0.365s] Level 1:colcon.colcon_core.package_identification:_identify(/home/anmol/project_ws/myenv/include) by extensions ['cmake', 'python']
[0.365s] Level 1:colcon.colcon_core.package_identification:_identify(/home/anmol/project_ws/myenv/include) by extension 'cmake'
[0.365s] Level 1:colcon.colcon_core.package_identification:_identify(/home/anmol/project_ws/myenv/include) by extension 'python'
[0.365s] Level 1:colcon.colcon_core.package_identification:_identify(/home/anmol/project_ws/myenv/include) by extensions ['python_setup_py']
[0.365s] Level 1:colcon.colcon_core.package_identification:_identify(/home/anmol/project_ws/myenv/include) by extension 'python_setup_py'
[0.365s] Level 1:colcon.colcon_core.package_identification:_identify(/home/anmol/project_ws/myenv/lib) by extensions ['ignore', 'ignore_ament_install']
[0.366s] Level 1:colcon.colcon_core.package_identification:_identify(/home/anmol/project_ws/myenv/lib) by extension 'ignore'
[0.366s] Level 1:colcon.colcon_core.package_identification:_identify(/home/anmol/project_ws/myenv/lib) by extension 'ignore_ament_install'
[0.366s] Level 1:colcon.colcon_core.package_identification:_identify(/home/anmol/project_ws/myenv/lib) by extensions ['colcon_pkg']
[0.366s] Level 1:colcon.colcon_core.package_identification:_identify(/home/anmol/project_ws/myenv/lib) by extension 'colcon_pkg'
[0.366s] Level 1:colcon.colcon_core.package_identification:_identify(/home/anmol/project_ws/myenv/lib) by extensions ['colcon_meta']
[0.366s] Level 1:colcon.colcon_core.package_identification:_identify(/home/anmol/project_ws/myenv/lib) by extension 'colcon_meta'
[0.366s] Level 1:colcon.colcon_core.package_identification:_identify(/home/anmol/project_ws/myenv/lib) by extensions ['ros']
[0.366s] Level 1:colcon.colcon_core.package_identification:_identify(/home/anmol/project_ws/myenv/lib) by extension 'ros'
[0.366s] Level 1:colcon.colcon_core.package_identification:_identify(/home/anmol/project_ws/myenv/lib) by extensions ['cmake', 'python']
[0.366s] Level 1:colcon.colcon_core.package_identification:_identify(/home/anmol/project_ws/myenv/lib) by extension 'cmake'
[0.366s] Level 1:colcon.colcon_core.package_identification:_identify(/home/anmol/project_ws/myenv/lib) by extension 'python'
[0.366s] Level 1:colcon.colcon_core.package_identification:_identify(/home/anmol/project_ws/myenv/lib) by extensions ['python_setup_py']
[0.366s] Level 1:colcon.colcon_core.package_identification:_identify(/home/anmol/project_ws/myenv/lib) by extension 'python_setup_py'
[0.366s] Level 1:colcon.colcon_core.package_identification:_identify(/home/anmol/project_ws/myenv/lib/python3.8) by extensions ['ignore', 'ignore_ament_install']
[0.366s] Level 1:colcon.colcon_core.package_identification:_identify(/home/anmol/project_ws/myenv/lib/python3.8) by extension 'ignore'
[0.366s] Level 1:colcon.colcon_core.package_identification:_identify(/home/anmol/project_ws/myenv/lib/python3.8) by extension 'ignore_ament_install'
[0.366s] Level 1:colcon.colcon_core.package_identification:_identify(/home/anmol/project_ws/myenv/lib/python3.8) by extensions ['colcon_pkg']
[0.366s] Level 1:colcon.colcon_core.package_identification:_identify(/home/anmol/project_ws/myenv/lib/python3.8) by extension 'colcon_pkg'
[0.366s] Level 1:colcon.colcon_core.package_identification:_identify(/home/anmol/project_ws/myenv/lib/python3.8) by extensions ['colcon_meta']
[0.366s] Level 1:colcon.colcon_core.package_identification:_identify(/home/anmol/project_ws/myenv/lib/python3.8) by extension 'colcon_meta'
[0.366s] Level 1:colcon.colcon_core.package_identification:_identify(/home/anmol/project_ws/myenv/lib/python3.8) by extensions ['ros']
[0.367s] Level 1:colcon.colcon_core.package_identification:_identify(/home/anmol/project_ws/myenv/lib/python3.8) by extension 'ros'
[0.367s] Level 1:colcon.colcon_core.package_identification:_identify(/home/anmol/project_ws/myenv/lib/python3.8) by extensions ['cmake', 'python']
[0.367s] Level 1:colcon.colcon_core.package_identification:_identify(/home/anmol/project_ws/myenv/lib/python3.8) by extension 'cmake'
[0.367s] Level 1:colcon.colcon_core.package_identification:_identify(/home/anmol/project_ws/myenv/lib/python3.8) by extension 'python'
[0.367s] Level 1:colcon.colcon_core.package_identification:_identify(/home/anmol/project_ws/myenv/lib/python3.8) by extensions ['python_setup_py']
[0.367s] Level 1:colcon.colcon_core.package_identification:_identify(/home/anmol/project_ws/myenv/lib/python3.8) by extension 'python_setup_py'
[0.367s] Level 1:colcon.colcon_core.package_identification:_identify(/home/anmol/project_ws/myenv/lib/python3.8/site-packages) by extensions ['ignore', 'ignore_ament_install']
[0.367s] Level 1:colcon.colcon_core.package_identification:_identify(/home/anmol/project_ws/myenv/lib/python3.8/site-packages) by extension 'ignore'
[0.367s] Level 1:colcon.colcon_core.package_identification:_identify(/home/anmol/project_ws/myenv/lib/python3.8/site-packages) by extension 'ignore_ament_install'
[0.367s] Level 1:colcon.colcon_core.package_identification:_identify(/home/anmol/project_ws/myenv/lib/python3.8/site-packages) by extensions ['colcon_pkg']
[0.367s] Level 1:colcon.colcon_core.package_identification:_identify(/home/anmol/project_ws/myenv/lib/python3.8/site-packages) by extension 'colcon_pkg'
[0.367s] Level 1:colcon.colcon_core.package_identification:_identify(/home/anmol/project_ws/myenv/lib/python3.8/site-packages) by extensions ['colcon_meta']
[0.367s] Level 1:colcon.colcon_core.package_identification:_identify(/home/anmol/project_ws/myenv/lib/python3.8/site-packages) by extension 'colcon_meta'
[0.367s] Level 1:colcon.colcon_core.package_identification:_identify(/home/anmol/project_ws/myenv/lib/python3.8/site-packages) by extensions ['ros']
[0.367s] Level 1:colcon.colcon_core.package_identification:_identify(/home/anmol/project_ws/myenv/lib/python3.8/site-packages) by extension 'ros'
[0.367s] Level 1:colcon.colcon_core.package_identification:_identify(/home/anmol/project_ws/myenv/lib/python3.8/site-packages) by extensions ['cmake', 'python']
[0.367s] Level 1:colcon.colcon_core.package_identification:_identify(/home/anmol/project_ws/myenv/lib/python3.8/site-packages) by extension 'cmake'
[0.367s] Level 1:colcon.colcon_core.package_identification:_identify(/home/anmol/project_ws/myenv/lib/python3.8/site-packages) by extension 'python'
[0.367s] Level 1:colcon.colcon_core.package_identification:_identify(/home/anmol/project_ws/myenv/lib/python3.8/site-packages) by extensions ['python_setup_py']
[0.367s] Level 1:colcon.colcon_core.package_identification:_identify(/home/anmol/project_ws/myenv/lib/python3.8/site-packages) by extension 'python_setup_py'
[0.367s] Level 1:colcon.colcon_core.package_identification:_identify(/home/anmol/project_ws/src) by extensions ['ignore', 'ignore_ament_install']
[0.368s] Level 1:colcon.colcon_core.package_identification:_identify(/home/anmol/project_ws/src) by extension 'ignore'
[0.368s] Level 1:colcon.colcon_core.package_identification:_identify(/home/anmol/project_ws/src) by extension 'ignore_ament_install'
[0.368s] Level 1:colcon.colcon_core.package_identification:_identify(/home/anmol/project_ws/src) by extensions ['colcon_pkg']
[0.368s] Level 1:colcon.colcon_core.package_identification:_identify(/home/anmol/project_ws/src) by extension 'colcon_pkg'
[0.368s] Level 1:colcon.colcon_core.package_identification:_identify(/home/anmol/project_ws/src) by extensions ['colcon_meta']
[0.368s] Level 1:colcon.colcon_core.package_identification:_identify(/home/anmol/project_ws/src) by extension 'colcon_meta'
[0.368s] Level 1:colcon.colcon_core.package_identification:_identify(/home/anmol/project_ws/src) by extensions ['ros']
[0.368s] Level 1:colcon.colcon_core.package_identification:_identify(/home/anmol/project_ws/src) by extension 'ros'
[0.368s] Level 1:colcon.colcon_core.package_identification:_identify(/home/anmol/project_ws/src) by extensions ['cmake', 'python']
[0.368s] Level 1:colcon.colcon_core.package_identification:_identify(/home/anmol/project_ws/src) by extension 'cmake'
[0.368s] Level 1:colcon.colcon_core.package_identification:_identify(/home/anmol/project_ws/src) by extension 'python'
[0.368s] Level 1:colcon.colcon_core.package_identification:_identify(/home/anmol/project_ws/src) by extensions ['python_setup_py']
[0.368s] Level 1:colcon.colcon_core.package_identification:_identify(/home/anmol/project_ws/src) by extension 'python_setup_py'
[0.368s] Level 1:colcon.colcon_core.package_identification:_identify(/home/anmol/project_ws/src/auto_bot) by extensions ['ignore', 'ignore_ament_install']
[0.368s] Level 1:colcon.colcon_core.package_identification:_identify(/home/anmol/project_ws/src/auto_bot) by extension 'ignore'
[0.368s] Level 1:colcon.colcon_core.package_identification:_identify(/home/anmol/project_ws/src/auto_bot) by extension 'ignore_ament_install'
[0.368s] Level 1:colcon.colcon_core.package_identification:_identify(/home/anmol/project_ws/src/auto_bot) by extensions ['colcon_pkg']
[0.368s] Level 1:colcon.colcon_core.package_identification:_identify(/home/anmol/project_ws/src/auto_bot) by extension 'colcon_pkg'
[0.368s] Level 1:colcon.colcon_core.package_identification:_identify(/home/anmol/project_ws/src/auto_bot) by extensions ['colcon_meta']
[0.368s] Level 1:colcon.colcon_core.package_identification:_identify(/home/anmol/project_ws/src/auto_bot) by extension 'colcon_meta'
[0.368s] Level 1:colcon.colcon_core.package_identification:_identify(/home/anmol/project_ws/src/auto_bot) by extensions ['ros']
[0.368s] Level 1:colcon.colcon_core.package_identification:_identify(/home/anmol/project_ws/src/auto_bot) by extension 'ros'
[0.371s] DEBUG:colcon.colcon_core.package_identification:Package '/home/anmol/project_ws/src/auto_bot' with type 'ros.ament_python' and name 'auto_bot'
[0.371s] Level 1:colcon.colcon_core.package_discovery:discover_packages(recursive) using defaults
