[0.801s] Invoking command in '/home/anmol/project_ws/src/auto_bot': PYTHONPATH=/home/anmol/project_ws/build/auto_bot/prefix_override:/home/anmol/project_ws/install/auto_bot/lib/python3.8/site-packages:${PYTHONPATH} /usr/bin/python3 setup.py egg_info --egg-base ../../build/auto_bot build --build-base /home/anmol/project_ws/build/auto_bot/build install --record /home/anmol/project_ws/build/auto_bot/install.log --single-version-externally-managed
[1.004s] running egg_info
[1.004s] writing ../../build/auto_bot/auto_bot.egg-info/PKG-INFO
[1.005s] writing dependency_links to ../../build/auto_bot/auto_bot.egg-info/dependency_links.txt
[1.005s] writing entry points to ../../build/auto_bot/auto_bot.egg-info/entry_points.txt
[1.005s] writing requirements to ../../build/auto_bot/auto_bot.egg-info/requires.txt
[1.005s] writing top-level names to ../../build/auto_bot/auto_bot.egg-info/top_level.txt
[1.053s] reading manifest file '../../build/auto_bot/auto_bot.egg-info/SOURCES.txt'
[1.054s] writing manifest file '../../build/auto_bot/auto_bot.egg-info/SOURCES.txt'
[1.054s] running build
[1.054s] running build_py
[1.054s] copying auto_bot/reach_goal.py -> /home/anmol/project_ws/build/auto_bot/build/lib/auto_bot
[1.055s] running install
[1.055s] running install_lib
[1.056s] copying /home/anmol/project_ws/build/auto_bot/build/lib/auto_bot/reach_goal.py -> /home/anmol/project_ws/install/auto_bot/lib/python3.8/site-packages/auto_bot
[1.057s] byte-compiling /home/anmol/project_ws/install/auto_bot/lib/python3.8/site-packages/auto_bot/reach_goal.py to reach_goal.cpython-38.pyc
[1.059s] running install_data
[1.059s] copying launch/gazebo.launch.py -> /home/anmol/project_ws/install/auto_bot/share/auto_bot/launch
[1.060s] creating /home/anmol/project_ws/install/auto_bot/share/auto_bot/worlds
[1.060s] copying worlds/maze_2.world -> /home/anmol/project_ws/install/auto_bot/share/auto_bot/worlds
[1.060s] copying worlds/maze_1.world -> /home/anmol/project_ws/install/auto_bot/share/auto_bot/worlds
[1.060s] running install_egg_info
[1.062s] removing '/home/anmol/project_ws/install/auto_bot/lib/python3.8/site-packages/auto_bot-0.0.0-py3.8.egg-info' (and everything under it)
[1.062s] Copying ../../build/auto_bot/auto_bot.egg-info to /home/anmol/project_ws/install/auto_bot/lib/python3.8/site-packages/auto_bot-0.0.0-py3.8.egg-info
[1.063s] running install_scripts
[1.077s] Installing driving_auto_bot script to /home/anmol/project_ws/install/auto_bot/lib/auto_bot
[1.077s] Installing goal_auto_bot script to /home/anmol/project_ws/install/auto_bot/lib/auto_bot
[1.077s] writing list of installed files to '/home/anmol/project_ws/build/auto_bot/install.log'
[1.115s] Invoked command in '/home/anmol/project_ws/src/auto_bot' returned '0': PYTHONPATH=/home/anmol/project_ws/build/auto_bot/prefix_override:/home/anmol/project_ws/install/auto_bot/lib/python3.8/site-packages:${PYTHONPATH} /usr/bin/python3 setup.py egg_info --egg-base ../../build/auto_bot build --build-base /home/anmol/project_ws/build/auto_bot/build install --record /home/anmol/project_ws/build/auto_bot/install.log --single-version-externally-managed
