[0.618s] Invoking command in '/home/anmol/project_ws/src/auto_bot': PYTHONPATH=/home/anmol/project_ws/build/auto_bot/prefix_override:/home/anmol/project_ws/install/auto_bot/lib/python3.8/site-packages:${PYTHONPATH} /usr/bin/python3 setup.py egg_info --egg-base ../../build/auto_bot build --build-base /home/anmol/project_ws/build/auto_bot/build install --record /home/anmol/project_ws/build/auto_bot/install.log --single-version-externally-managed
[0.807s] running egg_info
[0.807s] writing ../../build/auto_bot/auto_bot.egg-info/PKG-INFO
[0.807s] writing dependency_links to ../../build/auto_bot/auto_bot.egg-info/dependency_links.txt
[0.808s] writing entry points to ../../build/auto_bot/auto_bot.egg-info/entry_points.txt
[0.808s] writing requirements to ../../build/auto_bot/auto_bot.egg-info/requires.txt
[0.808s] writing top-level names to ../../build/auto_bot/auto_bot.egg-info/top_level.txt
[0.835s] reading manifest file '../../build/auto_bot/auto_bot.egg-info/SOURCES.txt'
[0.836s] writing manifest file '../../build/auto_bot/auto_bot.egg-info/SOURCES.txt'
[0.836s] running build
[0.837s] running build_py
[0.837s] copying auto_bot/maze_solving.py -> /home/anmol/project_ws/build/auto_bot/build/lib/auto_bot
[0.837s] running install
[0.838s] running install_lib
[0.838s] copying /home/anmol/project_ws/build/auto_bot/build/lib/auto_bot/maze_solving.py -> /home/anmol/project_ws/install/auto_bot/lib/python3.8/site-packages/auto_bot
[0.839s] byte-compiling /home/anmol/project_ws/install/auto_bot/lib/python3.8/site-packages/auto_bot/maze_solving.py to maze_solving.cpython-38.pyc
[0.840s] running install_data
[0.841s] running install_egg_info
[0.842s] removing '/home/anmol/project_ws/install/auto_bot/lib/python3.8/site-packages/auto_bot-0.0.0-py3.8.egg-info' (and everything under it)
[0.842s] Copying ../../build/auto_bot/auto_bot.egg-info to /home/anmol/project_ws/install/auto_bot/lib/python3.8/site-packages/auto_bot-0.0.0-py3.8.egg-info
[0.843s] running install_scripts
[0.855s] Installing bot_localization script to /home/anmol/project_ws/install/auto_bot/lib/auto_bot
[0.856s] Installing configuration script to /home/anmol/project_ws/install/auto_bot/lib/auto_bot
[0.856s] Installing driving_auto_bot script to /home/anmol/project_ws/install/auto_bot/lib/auto_bot
[0.856s] Installing goal_auto_bot script to /home/anmol/project_ws/install/auto_bot/lib/auto_bot
[0.856s] Installing maze_solving script to /home/anmol/project_ws/install/auto_bot/lib/auto_bot
[0.856s] Installing utilities script to /home/anmol/project_ws/install/auto_bot/lib/auto_bot
[0.856s] Installing vid_saving script to /home/anmol/project_ws/install/auto_bot/lib/auto_bot
[0.856s] writing list of installed files to '/home/anmol/project_ws/build/auto_bot/install.log'
[0.880s] Invoked command in '/home/anmol/project_ws/src/auto_bot' returned '0': PYTHONPATH=/home/anmol/project_ws/build/auto_bot/prefix_override:/home/anmol/project_ws/install/auto_bot/lib/python3.8/site-packages:${PYTHONPATH} /usr/bin/python3 setup.py egg_info --egg-base ../../build/auto_bot build --build-base /home/anmol/project_ws/build/auto_bot/build install --record /home/anmol/project_ws/build/auto_bot/install.log --single-version-externally-managed
