[0.856s] Invoking command in '/home/anmol/project_ws/src/auto_bot': PYTHONPATH=/home/anmol/project_ws/build/auto_bot/prefix_override:/home/anmol/project_ws/install/auto_bot/lib/python3.8/site-packages:${PYTHONPATH} /usr/bin/python3 setup.py egg_info --egg-base ../../build/auto_bot build --build-base /home/anmol/project_ws/build/auto_bot/build install --record /home/anmol/project_ws/build/auto_bot/install.log --single-version-externally-managed
[1.069s] running egg_info
[1.069s] writing ../../build/auto_bot/auto_bot.egg-info/PKG-INFO
[1.070s] writing dependency_links to ../../build/auto_bot/auto_bot.egg-info/dependency_links.txt
[1.070s] writing entry points to ../../build/auto_bot/auto_bot.egg-info/entry_points.txt
[1.070s] writing requirements to ../../build/auto_bot/auto_bot.egg-info/requires.txt
[1.070s] writing top-level names to ../../build/auto_bot/auto_bot.egg-info/top_level.txt
[1.101s] reading manifest file '../../build/auto_bot/auto_bot.egg-info/SOURCES.txt'
[1.102s] writing manifest file '../../build/auto_bot/auto_bot.egg-info/SOURCES.txt'
[1.103s] running build
[1.103s] running build_py
[1.103s] running install
[1.104s] running install_lib
[1.105s] running install_data
[1.106s] running install_egg_info
[1.107s] removing '/home/anmol/project_ws/install/auto_bot/lib/python3.8/site-packages/auto_bot-0.0.0-py3.8.egg-info' (and everything under it)
[1.107s] Copying ../../build/auto_bot/auto_bot.egg-info to /home/anmol/project_ws/install/auto_bot/lib/python3.8/site-packages/auto_bot-0.0.0-py3.8.egg-info
[1.108s] running install_scripts
[1.121s] Installing bot_localization script to /home/anmol/project_ws/install/auto_bot/lib/auto_bot
[1.121s] Installing configuration script to /home/anmol/project_ws/install/auto_bot/lib/auto_bot
[1.121s] Installing driving_auto_bot script to /home/anmol/project_ws/install/auto_bot/lib/auto_bot
[1.121s] Installing goal_auto_bot script to /home/anmol/project_ws/install/auto_bot/lib/auto_bot
[1.121s] Installing maze_solving script to /home/anmol/project_ws/install/auto_bot/lib/auto_bot
[1.121s] Installing utilities script to /home/anmol/project_ws/install/auto_bot/lib/auto_bot
[1.121s] Installing vid_saving script to /home/anmol/project_ws/install/auto_bot/lib/auto_bot
[1.122s] writing list of installed files to '/home/anmol/project_ws/build/auto_bot/install.log'
[1.150s] Invoked command in '/home/anmol/project_ws/src/auto_bot' returned '0': PYTHONPATH=/home/anmol/project_ws/build/auto_bot/prefix_override:/home/anmol/project_ws/install/auto_bot/lib/python3.8/site-packages:${PYTHONPATH} /usr/bin/python3 setup.py egg_info --egg-base ../../build/auto_bot build --build-base /home/anmol/project_ws/build/auto_bot/build install --record /home/anmol/project_ws/build/auto_bot/install.log --single-version-externally-managed
