[0.995s] Invoking command in '/home/anmol/project_ws/src/auto_bot': PYTHONPATH=/home/anmol/project_ws/build/auto_bot/prefix_override:/home/anmol/project_ws/install/auto_bot/lib/python3.8/site-packages:${PYTHONPATH} /usr/bin/python3 setup.py egg_info --egg-base ../../build/auto_bot build --build-base /home/anmol/project_ws/build/auto_bot/build install --record /home/anmol/project_ws/build/auto_bot/install.log --install-scripts $base/lib/auto_bot --single-version-externally-managed
[1.129s] /home/anmol/.local/lib/python3.8/site-packages/setuptools/dist.py:745: SetuptoolsDeprecationWarning: Invalid dash-separated options
[1.129s] !!
[1.129s] 
[1.129s]         ********************************************************************************
[1.129s]         Usage of dash-separated 'script-dir' will not be supported in future
[1.130s]         versions. Please use the underscore name 'script_dir' instead.
[1.130s] 
[1.130s]         By 2023-Sep-26, you need to update your project and remove deprecated calls
[1.130s]         or your builds will no longer be supported.
[1.130s] 
[1.130s]         See https://setuptools.pypa.io/en/latest/userguide/declarative_config.html for details.
[1.130s]         ********************************************************************************
[1.130s] 
[1.131s] !!
[1.131s]   opt = self.warn_dash_deprecation(opt, section)
[1.230s] running egg_info
[1.245s] writing ../../build/auto_bot/auto_bot.egg-info/PKG-INFO
[1.256s] writing dependency_links to ../../build/auto_bot/auto_bot.egg-info/dependency_links.txt
[1.256s] writing requirements to ../../build/auto_bot/auto_bot.egg-info/requires.txt
[1.256s] writing top-level names to ../../build/auto_bot/auto_bot.egg-info/top_level.txt
[1.384s] reading manifest file '../../build/auto_bot/auto_bot.egg-info/SOURCES.txt'
[1.385s] writing manifest file '../../build/auto_bot/auto_bot.egg-info/SOURCES.txt'
[1.386s] running build
[1.386s] running build_py
[1.386s] running install
[1.387s] /home/anmol/.local/lib/python3.8/site-packages/setuptools/_distutils/cmd.py:66: SetuptoolsDeprecationWarning: setup.py install is deprecated.
[1.387s] !!
[1.387s] 
[1.387s]         ********************************************************************************
[1.387s]         Please avoid running ``setup.py`` directly.
[1.387s]         Instead, use pypa/build, pypa/installer or other
[1.388s]         standards-based tools.
[1.388s] 
[1.388s]         See https://blog.ganssle.io/articles/2021/10/setup-py-deprecated.html for details.
[1.388s]         ********************************************************************************
[1.388s] 
[1.388s] !!
[1.388s]   self.initialize_options()
[1.392s] running install_lib
[1.408s] running install_data
[1.423s] running install_egg_info
[1.439s] removing '/home/anmol/project_ws/install/auto_bot/lib/python3.8/site-packages/auto_bot-0.0.0-py3.8.egg-info' (and everything under it)
[1.439s] Copying ../../build/auto_bot/auto_bot.egg-info to /home/anmol/project_ws/install/auto_bot/lib/python3.8/site-packages/auto_bot-0.0.0-py3.8.egg-info
[1.440s] running install_scripts
[1.501s] writing list of installed files to '/home/anmol/project_ws/build/auto_bot/install.log'
[1.550s] Invoked command in '/home/anmol/project_ws/src/auto_bot' returned '0': PYTHONPATH=/home/anmol/project_ws/build/auto_bot/prefix_override:/home/anmol/project_ws/install/auto_bot/lib/python3.8/site-packages:${PYTHONPATH} /usr/bin/python3 setup.py egg_info --egg-base ../../build/auto_bot build --build-base /home/anmol/project_ws/build/auto_bot/build install --record /home/anmol/project_ws/build/auto_bot/install.log --install-scripts $base/lib/auto_bot --single-version-externally-managed
