running egg_info
writing ../../build/auto_bot/auto_bot.egg-info/PKG-INFO
writing dependency_links to ../../build/auto_bot/auto_bot.egg-info/dependency_links.txt
writing entry points to ../../build/auto_bot/auto_bot.egg-info/entry_points.txt
writing requirements to ../../build/auto_bot/auto_bot.egg-info/requires.txt
writing top-level names to ../../build/auto_bot/auto_bot.egg-info/top_level.txt
reading manifest file '../../build/auto_bot/auto_bot.egg-info/SOURCES.txt'
writing manifest file '../../build/auto_bot/auto_bot.egg-info/SOURCES.txt'
running build
running build_py
running install
running install_lib
running install_data
copying launch/gazebo.launch.py -> /home/anmol/project_ws/install/auto_bot/share/auto_bot/launch
copying launch/auto_bot_camera.launch.py -> /home/anmol/project_ws/install/auto_bot/share/auto_bot/launch
running install_egg_info
removing '/home/anmol/project_ws/install/auto_bot/lib/python3.8/site-packages/auto_bot-0.0.0-py3.8.egg-info' (and everything under it)
Copying ../../build/auto_bot/auto_bot.egg-info to /home/anmol/project_ws/install/auto_bot/lib/python3.8/site-packages/auto_bot-0.0.0-py3.8.egg-info
running install_scripts
Installing driving_auto_bot script to /home/anmol/project_ws/install/auto_bot/lib/auto_bot
Installing goal_auto_bot script to /home/anmol/project_ws/install/auto_bot/lib/auto_bot
writing list of installed files to '/home/anmol/project_ws/build/auto_bot/install.log'
