[0.769s] Invoking command in '/home/anmol/project_ws/src/auto_bot': PYTHONPATH=/home/anmol/project_ws/build/auto_bot/prefix_override:/home/anmol/project_ws/install/auto_bot/lib/python3.8/site-packages:${PYTHONPATH} /usr/bin/python3 setup.py egg_info --egg-base ../../build/auto_bot build --build-base /home/anmol/project_ws/build/auto_bot/build install --record /home/anmol/project_ws/build/auto_bot/install.log --single-version-externally-managed
[0.966s] running egg_info
[0.967s] writing ../../build/auto_bot/auto_bot.egg-info/PKG-INFO
[0.967s] writing dependency_links to ../../build/auto_bot/auto_bot.egg-info/dependency_links.txt
[0.968s] writing entry points to ../../build/auto_bot/auto_bot.egg-info/entry_points.txt
[0.968s] writing requirements to ../../build/auto_bot/auto_bot.egg-info/requires.txt
[0.968s] writing top-level names to ../../build/auto_bot/auto_bot.egg-info/top_level.txt
[1.003s] reading manifest file '../../build/auto_bot/auto_bot.egg-info/SOURCES.txt'
[1.004s] writing manifest file '../../build/auto_bot/auto_bot.egg-info/SOURCES.txt'
[1.004s] running build
[1.004s] running build_py
[1.004s] running install
[1.005s] running install_lib
[1.006s] running install_data
[1.007s] copying launch/gazebo.launch.py -> /home/anmol/project_ws/install/auto_bot/share/auto_bot/launch
[1.007s] copying launch/auto_bot_camera.launch.py -> /home/anmol/project_ws/install/auto_bot/share/auto_bot/launch
[1.007s] running install_egg_info
[1.009s] removing '/home/anmol/project_ws/install/auto_bot/lib/python3.8/site-packages/auto_bot-0.0.0-py3.8.egg-info' (and everything under it)
[1.009s] Copying ../../build/auto_bot/auto_bot.egg-info to /home/anmol/project_ws/install/auto_bot/lib/python3.8/site-packages/auto_bot-0.0.0-py3.8.egg-info
[1.009s] running install_scripts
[1.024s] Installing driving_auto_bot script to /home/anmol/project_ws/install/auto_bot/lib/auto_bot
[1.024s] Installing goal_auto_bot script to /home/anmol/project_ws/install/auto_bot/lib/auto_bot
[1.024s] writing list of installed files to '/home/anmol/project_ws/build/auto_bot/install.log'
[1.062s] Invoked command in '/home/anmol/project_ws/src/auto_bot' returned '0': PYTHONPATH=/home/anmol/project_ws/build/auto_bot/prefix_override:/home/anmol/project_ws/install/auto_bot/lib/python3.8/site-packages:${PYTHONPATH} /usr/bin/python3 setup.py egg_info --egg-base ../../build/auto_bot build --build-base /home/anmol/project_ws/build/auto_bot/build install --record /home/anmol/project_ws/build/auto_bot/install.log --single-version-externally-managed
