[0.745s] Invoking command in '/home/anmol/project_ws/src/auto_bot': PYTHONPATH=/home/anmol/project_ws/build/auto_bot/prefix_override:/home/anmol/project_ws/install/auto_bot/lib/python3.8/site-packages:${PYTHONPATH} /usr/bin/python3 setup.py egg_info --egg-base ../../build/auto_bot build --build-base /home/anmol/project_ws/build/auto_bot/build install --record /home/anmol/project_ws/build/auto_bot/install.log --single-version-externally-managed
[0.969s] running egg_info
[0.970s] writing ../../build/auto_bot/auto_bot.egg-info/PKG-INFO
[0.970s] writing dependency_links to ../../build/auto_bot/auto_bot.egg-info/dependency_links.txt
[0.971s] writing entry points to ../../build/auto_bot/auto_bot.egg-info/entry_points.txt
[0.971s] writing requirements to ../../build/auto_bot/auto_bot.egg-info/requires.txt
[0.971s] writing top-level names to ../../build/auto_bot/auto_bot.egg-info/top_level.txt
[1.002s] reading manifest file '../../build/auto_bot/auto_bot.egg-info/SOURCES.txt'
[1.003s] writing manifest file '../../build/auto_bot/auto_bot.egg-info/SOURCES.txt'
[1.003s] running build
[1.003s] running build_py
[1.003s] copying auto_bot/auto_bot_localization.py -> /home/anmol/project_ws/build/auto_bot/build/lib/auto_bot
[1.004s] running install
[1.004s] running install_lib
[1.005s] copying /home/anmol/project_ws/build/auto_bot/build/lib/auto_bot/auto_bot_localization.py -> /home/anmol/project_ws/install/auto_bot/lib/python3.8/site-packages/auto_bot
[1.006s] byte-compiling /home/anmol/project_ws/install/auto_bot/lib/python3.8/site-packages/auto_bot/auto_bot_localization.py to auto_bot_localization.cpython-38.pyc
[1.008s] running install_data
[1.008s] running install_egg_info
[1.010s] removing '/home/anmol/project_ws/install/auto_bot/lib/python3.8/site-packages/auto_bot-0.0.0-py3.8.egg-info' (and everything under it)
[1.010s] Copying ../../build/auto_bot/auto_bot.egg-info to /home/anmol/project_ws/install/auto_bot/lib/python3.8/site-packages/auto_bot-0.0.0-py3.8.egg-info
[1.011s] running install_scripts
[1.027s] Installing bot_localization script to /home/anmol/project_ws/install/auto_bot/lib/auto_bot
[1.027s] Installing configuration script to /home/anmol/project_ws/install/auto_bot/lib/auto_bot
[1.027s] Installing driving_auto_bot script to /home/anmol/project_ws/install/auto_bot/lib/auto_bot
[1.028s] Installing goal_auto_bot script to /home/anmol/project_ws/install/auto_bot/lib/auto_bot
[1.028s] Installing maze_solving script to /home/anmol/project_ws/install/auto_bot/lib/auto_bot
[1.028s] Installing utilities script to /home/anmol/project_ws/install/auto_bot/lib/auto_bot
[1.028s] Installing vid_saving script to /home/anmol/project_ws/install/auto_bot/lib/auto_bot
[1.028s] writing list of installed files to '/home/anmol/project_ws/build/auto_bot/install.log'
[1.067s] Invoked command in '/home/anmol/project_ws/src/auto_bot' returned '0': PYTHONPATH=/home/anmol/project_ws/build/auto_bot/prefix_override:/home/anmol/project_ws/install/auto_bot/lib/python3.8/site-packages:${PYTHONPATH} /usr/bin/python3 setup.py egg_info --egg-base ../../build/auto_bot build --build-base /home/anmol/project_ws/build/auto_bot/build install --record /home/anmol/project_ws/build/auto_bot/install.log --single-version-externally-managed
