[0.697s] Invoking command in '/home/anmol/project_ws/src/auto_bot': PYTHONPATH=/home/anmol/project_ws/build/auto_bot/prefix_override:/home/anmol/project_ws/install/auto_bot/lib/python3.8/site-packages:${PYTHONPATH} /usr/bin/python3 setup.py egg_info --egg-base ../../build/auto_bot build --build-base /home/anmol/project_ws/build/auto_bot/build install --record /home/anmol/project_ws/build/auto_bot/install.log --single-version-externally-managed
[0.896s] running egg_info
[0.896s] writing ../../build/auto_bot/auto_bot.egg-info/PKG-INFO
[0.897s] writing dependency_links to ../../build/auto_bot/auto_bot.egg-info/dependency_links.txt
[0.897s] writing entry points to ../../build/auto_bot/auto_bot.egg-info/entry_points.txt
[0.897s] writing requirements to ../../build/auto_bot/auto_bot.egg-info/requires.txt
[0.897s] writing top-level names to ../../build/auto_bot/auto_bot.egg-info/top_level.txt
[0.927s] reading manifest file '../../build/auto_bot/auto_bot.egg-info/SOURCES.txt'
[0.927s] writing manifest file '../../build/auto_bot/auto_bot.egg-info/SOURCES.txt'
[0.928s] running build
[0.928s] running build_py
[0.928s] copying auto_bot/auto_bot_localization.py -> /home/anmol/project_ws/build/auto_bot/build/lib/auto_bot
[0.928s] running install
[0.928s] running install_lib
[0.929s] copying /home/anmol/project_ws/build/auto_bot/build/lib/auto_bot/auto_bot_localization.py -> /home/anmol/project_ws/install/auto_bot/lib/python3.8/site-packages/auto_bot
[0.930s] byte-compiling /home/anmol/project_ws/install/auto_bot/lib/python3.8/site-packages/auto_bot/auto_bot_localization.py to auto_bot_localization.cpython-38.pyc
[0.932s] running install_data
[0.932s] running install_egg_info
[0.933s] removing '/home/anmol/project_ws/install/auto_bot/lib/python3.8/site-packages/auto_bot-0.0.0-py3.8.egg-info' (and everything under it)
[0.934s] Copying ../../build/auto_bot/auto_bot.egg-info to /home/anmol/project_ws/install/auto_bot/lib/python3.8/site-packages/auto_bot-0.0.0-py3.8.egg-info
[0.934s] running install_scripts
[0.949s] Installing bot_localization script to /home/anmol/project_ws/install/auto_bot/lib/auto_bot
[0.949s] Installing driving_auto_bot script to /home/anmol/project_ws/install/auto_bot/lib/auto_bot
[0.950s] Installing goal_auto_bot script to /home/anmol/project_ws/install/auto_bot/lib/auto_bot
[0.950s] Installing maze_solving script to /home/anmol/project_ws/install/auto_bot/lib/auto_bot
[0.950s] Installing utilities script to /home/anmol/project_ws/install/auto_bot/lib/auto_bot
[0.950s] Installing vid_saving script to /home/anmol/project_ws/install/auto_bot/lib/auto_bot
[0.950s] writing list of installed files to '/home/anmol/project_ws/build/auto_bot/install.log'
[0.984s] Invoked command in '/home/anmol/project_ws/src/auto_bot' returned '0': PYTHONPATH=/home/anmol/project_ws/build/auto_bot/prefix_override:/home/anmol/project_ws/install/auto_bot/lib/python3.8/site-packages:${PYTHONPATH} /usr/bin/python3 setup.py egg_info --egg-base ../../build/auto_bot build --build-base /home/anmol/project_ws/build/auto_bot/build install --record /home/anmol/project_ws/build/auto_bot/install.log --single-version-externally-managed
