[0.777s] Invoking command in '/home/anmol/project_ws/src/auto_bot': PYTHONPATH=/home/anmol/project_ws/build/auto_bot/prefix_override:/home/anmol/project_ws/install/auto_bot/lib/python3.8/site-packages:${PYTHONPATH} /usr/bin/python3 setup.py egg_info --egg-base ../../build/auto_bot build --build-base /home/anmol/project_ws/build/auto_bot/build install --record /home/anmol/project_ws/build/auto_bot/install.log --single-version-externally-managed
[0.995s] running egg_info
[0.995s] writing ../../build/auto_bot/auto_bot.egg-info/PKG-INFO
[0.996s] writing dependency_links to ../../build/auto_bot/auto_bot.egg-info/dependency_links.txt
[0.996s] writing entry points to ../../build/auto_bot/auto_bot.egg-info/entry_points.txt
[0.996s] writing requirements to ../../build/auto_bot/auto_bot.egg-info/requires.txt
[0.996s] writing top-level names to ../../build/auto_bot/auto_bot.egg-info/top_level.txt
[1.027s] reading manifest file '../../build/auto_bot/auto_bot.egg-info/SOURCES.txt'
[1.027s] writing manifest file '../../build/auto_bot/auto_bot.egg-info/SOURCES.txt'
[1.028s] running build
[1.028s] running build_py
[1.028s] running install
[1.029s] running install_lib
[1.031s] running install_data
[1.031s] running install_egg_info
[1.033s] removing '/home/anmol/project_ws/install/auto_bot/lib/python3.8/site-packages/auto_bot-0.0.0-py3.8.egg-info' (and everything under it)
[1.033s] Copying ../../build/auto_bot/auto_bot.egg-info to /home/anmol/project_ws/install/auto_bot/lib/python3.8/site-packages/auto_bot-0.0.0-py3.8.egg-info
[1.034s] running install_scripts
[1.049s] Installing bot_localization script to /home/anmol/project_ws/install/auto_bot/lib/auto_bot
[1.049s] Installing bot_map=auto_bot.bot_mapping:mainbot_path_planning script to /home/anmol/project_ws/install/auto_bot/lib/auto_bot
[1.049s] Installing configuration script to /home/anmol/project_ws/install/auto_bot/lib/auto_bot
[1.050s] Installing driving_auto_bot script to /home/anmol/project_ws/install/auto_bot/lib/auto_bot
[1.050s] Installing goal_auto_bot script to /home/anmol/project_ws/install/auto_bot/lib/auto_bot
[1.050s] Installing maze_solving script to /home/anmol/project_ws/install/auto_bot/lib/auto_bot
[1.050s] Installing utilities script to /home/anmol/project_ws/install/auto_bot/lib/auto_bot
[1.050s] Installing vid_saving script to /home/anmol/project_ws/install/auto_bot/lib/auto_bot
[1.050s] writing list of installed files to '/home/anmol/project_ws/build/auto_bot/install.log'
[1.087s] Invoked command in '/home/anmol/project_ws/src/auto_bot' returned '0': PYTHONPATH=/home/anmol/project_ws/build/auto_bot/prefix_override:/home/anmol/project_ws/install/auto_bot/lib/python3.8/site-packages:${PYTHONPATH} /usr/bin/python3 setup.py egg_info --egg-base ../../build/auto_bot build --build-base /home/anmol/project_ws/build/auto_bot/build install --record /home/anmol/project_ws/build/auto_bot/install.log --single-version-externally-managed
