[0.849s] Invoking command in '/home/anmol/project_ws/src/auto_bot': PYTHONPATH=/home/anmol/project_ws/build/auto_bot/prefix_override:/home/anmol/project_ws/install/auto_bot/lib/python3.8/site-packages:${PYTHONPATH} /usr/bin/python3 setup.py egg_info --egg-base ../../build/auto_bot build --build-base /home/anmol/project_ws/build/auto_bot/build install --record /home/anmol/project_ws/build/auto_bot/install.log --install-scripts $base/lib/auto_bot --single-version-externally-managed
[0.969s] /home/anmol/.local/lib/python3.8/site-packages/setuptools/dist.py:745: SetuptoolsDeprecationWarning: Invalid dash-separated options
[0.969s] !!
[0.969s] 
[0.969s]         ********************************************************************************
[0.969s]         Usage of dash-separated 'script-dir' will not be supported in future
[0.969s]         versions. Please use the underscore name 'script_dir' instead.
[0.969s] 
[0.969s]         By 2023-Sep-26, you need to update your project and remove deprecated calls
[0.969s]         or your builds will no longer be supported.
[0.969s] 
[0.970s]         See https://setuptools.pypa.io/en/latest/userguide/declarative_config.html for details.
[0.970s]         ********************************************************************************
[0.970s] 
[0.970s] !!
[0.970s]   opt = self.warn_dash_deprecation(opt, section)
[1.068s] running egg_info
[1.084s] writing ../../build/auto_bot/auto_bot.egg-info/PKG-INFO
[1.084s] writing dependency_links to ../../build/auto_bot/auto_bot.egg-info/dependency_links.txt
[1.084s] writing requirements to ../../build/auto_bot/auto_bot.egg-info/requires.txt
[1.084s] writing top-level names to ../../build/auto_bot/auto_bot.egg-info/top_level.txt
[1.208s] reading manifest file '../../build/auto_bot/auto_bot.egg-info/SOURCES.txt'
[1.209s] writing manifest file '../../build/auto_bot/auto_bot.egg-info/SOURCES.txt'
[1.209s] running build
[1.209s] running build_py
[1.210s] running install
[1.210s] /home/anmol/.local/lib/python3.8/site-packages/setuptools/_distutils/cmd.py:66: SetuptoolsDeprecationWarning: setup.py install is deprecated.
[1.210s] !!
[1.210s] 
[1.210s]         ********************************************************************************
[1.210s]         Please avoid running ``setup.py`` directly.
[1.210s]         Instead, use pypa/build, pypa/installer or other
[1.210s]         standards-based tools.
[1.210s] 
[1.210s]         See https://blog.ganssle.io/articles/2021/10/setup-py-deprecated.html for details.
[1.211s]         ********************************************************************************
[1.211s] 
[1.211s] !!
[1.211s]   self.initialize_options()
[1.214s] running install_lib
[1.231s] running install_data
[1.252s] creating /home/anmol/project_ws/install/auto_bot/share/auto_bot/meshes
[1.252s] copying meshes/base_link.stl -> /home/anmol/project_ws/install/auto_bot/share/auto_bot/meshes
[1.253s] copying meshes/front_caster.stl -> /home/anmol/project_ws/install/auto_bot/share/auto_bot/meshes
[1.253s] copying meshes/wheel_l.stl -> /home/anmol/project_ws/install/auto_bot/share/auto_bot/meshes
[1.253s] copying meshes/wheel_r.stl -> /home/anmol/project_ws/install/auto_bot/share/auto_bot/meshes
[1.253s] running install_egg_info
[1.269s] removing '/home/anmol/project_ws/install/auto_bot/lib/python3.8/site-packages/auto_bot-0.0.0-py3.8.egg-info' (and everything under it)
[1.269s] Copying ../../build/auto_bot/auto_bot.egg-info to /home/anmol/project_ws/install/auto_bot/lib/python3.8/site-packages/auto_bot-0.0.0-py3.8.egg-info
[1.270s] running install_scripts
[1.329s] writing list of installed files to '/home/anmol/project_ws/build/auto_bot/install.log'
[1.363s] Invoked command in '/home/anmol/project_ws/src/auto_bot' returned '0': PYTHONPATH=/home/anmol/project_ws/build/auto_bot/prefix_override:/home/anmol/project_ws/install/auto_bot/lib/python3.8/site-packages:${PYTHONPATH} /usr/bin/python3 setup.py egg_info --egg-base ../../build/auto_bot build --build-base /home/anmol/project_ws/build/auto_bot/build install --record /home/anmol/project_ws/build/auto_bot/install.log --install-scripts $base/lib/auto_bot --single-version-externally-managed
