[0.825s] Invoking command in '/home/anmol/project_ws/src/auto_bot': PYTHONPATH=/home/anmol/project_ws/build/auto_bot/prefix_override:/home/anmol/project_ws/install/auto_bot/lib/python3.8/site-packages:${PYTHONPATH} /usr/bin/python3 setup.py egg_info --egg-base ../../build/auto_bot build --build-base /home/anmol/project_ws/build/auto_bot/build install --record /home/anmol/project_ws/build/auto_bot/install.log --single-version-externally-managed
[1.037s] running egg_info
[1.037s] writing ../../build/auto_bot/auto_bot.egg-info/PKG-INFO
[1.048s] writing dependency_links to ../../build/auto_bot/auto_bot.egg-info/dependency_links.txt
[1.049s] writing entry points to ../../build/auto_bot/auto_bot.egg-info/entry_points.txt
[1.049s] writing requirements to ../../build/auto_bot/auto_bot.egg-info/requires.txt
[1.049s] writing top-level names to ../../build/auto_bot/auto_bot.egg-info/top_level.txt
[1.088s] reading manifest file '../../build/auto_bot/auto_bot.egg-info/SOURCES.txt'
[1.089s] writing manifest file '../../build/auto_bot/auto_bot.egg-info/SOURCES.txt'
[1.090s] running build
[1.090s] running build_py
[1.090s] running install
[1.091s] running install_lib
[1.093s] running install_data
[1.094s] copying worlds/maze_1.world -> /home/anmol/project_ws/install/auto_bot/share/auto_bot/worlds
[1.095s] running install_egg_info
[1.097s] removing '/home/anmol/project_ws/install/auto_bot/lib/python3.8/site-packages/auto_bot-0.0.0-py3.8.egg-info' (and everything under it)
[1.097s] Copying ../../build/auto_bot/auto_bot.egg-info to /home/anmol/project_ws/install/auto_bot/lib/python3.8/site-packages/auto_bot-0.0.0-py3.8.egg-info
[1.098s] running install_scripts
[1.116s] Installing driving_auto_bot script to /home/anmol/project_ws/install/auto_bot/lib/auto_bot
[1.116s] Installing goal_auto_bot script to /home/anmol/project_ws/install/auto_bot/lib/auto_bot
[1.116s] Installing maze_solving script to /home/anmol/project_ws/install/auto_bot/lib/auto_bot
[1.117s] Installing vid_saving script to /home/anmol/project_ws/install/auto_bot/lib/auto_bot
[1.117s] writing list of installed files to '/home/anmol/project_ws/build/auto_bot/install.log'
[1.157s] Invoked command in '/home/anmol/project_ws/src/auto_bot' returned '0': PYTHONPATH=/home/anmol/project_ws/build/auto_bot/prefix_override:/home/anmol/project_ws/install/auto_bot/lib/python3.8/site-packages:${PYTHONPATH} /usr/bin/python3 setup.py egg_info --egg-base ../../build/auto_bot build --build-base /home/anmol/project_ws/build/auto_bot/build install --record /home/anmol/project_ws/build/auto_bot/install.log --single-version-externally-managed
