[0.665s] Invoking command in '/home/anmol/project_ws/src/auto_bot': PYTHONPATH=/home/anmol/project_ws/build/auto_bot/prefix_override:/home/anmol/project_ws/install/auto_bot/lib/python3.8/site-packages:${PYTHONPATH} /usr/bin/python3 setup.py egg_info --egg-base ../../build/auto_bot build --build-base /home/anmol/project_ws/build/auto_bot/build install --record /home/anmol/project_ws/build/auto_bot/install.log --single-version-externally-managed
[0.874s] running egg_info
[0.875s] writing ../../build/auto_bot/auto_bot.egg-info/PKG-INFO
[0.875s] writing dependency_links to ../../build/auto_bot/auto_bot.egg-info/dependency_links.txt
[0.875s] writing entry points to ../../build/auto_bot/auto_bot.egg-info/entry_points.txt
[0.876s] writing requirements to ../../build/auto_bot/auto_bot.egg-info/requires.txt
[0.876s] writing top-level names to ../../build/auto_bot/auto_bot.egg-info/top_level.txt
[0.917s] reading manifest file '../../build/auto_bot/auto_bot.egg-info/SOURCES.txt'
[0.919s] writing manifest file '../../build/auto_bot/auto_bot.egg-info/SOURCES.txt'
[0.919s] running build
[0.919s] running build_py
[0.919s] copying auto_bot/reach_goal.py -> /home/anmol/project_ws/build/auto_bot/build/lib/auto_bot
[0.919s] running install
[0.920s] running install_lib
[0.922s] copying /home/anmol/project_ws/build/auto_bot/build/lib/auto_bot/reach_goal.py -> /home/anmol/project_ws/install/auto_bot/lib/python3.8/site-packages/auto_bot
[0.922s] byte-compiling /home/anmol/project_ws/install/auto_bot/lib/python3.8/site-packages/auto_bot/reach_goal.py to reach_goal.cpython-38.pyc
[0.924s] running install_data
[0.925s] running install_egg_info
[0.927s] removing '/home/anmol/project_ws/install/auto_bot/lib/python3.8/site-packages/auto_bot-0.0.0-py3.8.egg-info' (and everything under it)
[0.928s] Copying ../../build/auto_bot/auto_bot.egg-info to /home/anmol/project_ws/install/auto_bot/lib/python3.8/site-packages/auto_bot-0.0.0-py3.8.egg-info
[0.928s] running install_scripts
[0.944s] Installing driving_auto_bot script to /home/anmol/project_ws/install/auto_bot/lib/auto_bot
[0.944s] Installing goal_auto_bot script to /home/anmol/project_ws/install/auto_bot/lib/auto_bot
[0.944s] writing list of installed files to '/home/anmol/project_ws/build/auto_bot/install.log'
[0.972s] Invoked command in '/home/anmol/project_ws/src/auto_bot' returned '0': PYTHONPATH=/home/anmol/project_ws/build/auto_bot/prefix_override:/home/anmol/project_ws/install/auto_bot/lib/python3.8/site-packages:${PYTHONPATH} /usr/bin/python3 setup.py egg_info --egg-base ../../build/auto_bot build --build-base /home/anmol/project_ws/build/auto_bot/build install --record /home/anmol/project_ws/build/auto_bot/install.log --single-version-externally-managed
