[1.017s] Invoking command in '/home/anmol/project_ws/src/auto_bot': PYTHONPATH=/home/anmol/project_ws/build/auto_bot/prefix_override:/home/anmol/project_ws/install/auto_bot/lib/python3.8/site-packages:${PYTHONPATH} /usr/bin/python3 setup.py egg_info --egg-base ../../build/auto_bot build --build-base /home/anmol/project_ws/build/auto_bot/build install --record /home/anmol/project_ws/build/auto_bot/install.log --install-scripts $base/lib/auto_bot --single-version-externally-managed
[1.161s] /home/anmol/.local/lib/python3.8/site-packages/setuptools/dist.py:745: SetuptoolsDeprecationWarning: Invalid dash-separated options
[1.161s] !!
[1.161s] 
[1.161s]         ********************************************************************************
[1.161s]         Usage of dash-separated 'script-dir' will not be supported in future
[1.162s]         versions. Please use the underscore name 'script_dir' instead.
[1.162s] 
[1.162s]         By 2023-Sep-26, you need to update your project and remove deprecated calls
[1.162s]         or your builds will no longer be supported.
[1.162s] 
[1.162s]         See https://setuptools.pypa.io/en/latest/userguide/declarative_config.html for details.
[1.162s]         ********************************************************************************
[1.162s] 
[1.163s] !!
[1.163s]   opt = self.warn_dash_deprecation(opt, section)
[1.271s] running egg_info
[1.288s] writing ../../build/auto_bot/auto_bot.egg-info/PKG-INFO
[1.289s] writing dependency_links to ../../build/auto_bot/auto_bot.egg-info/dependency_links.txt
[1.289s] writing requirements to ../../build/auto_bot/auto_bot.egg-info/requires.txt
[1.289s] writing top-level names to ../../build/auto_bot/auto_bot.egg-info/top_level.txt
[1.429s] reading manifest file '../../build/auto_bot/auto_bot.egg-info/SOURCES.txt'
[1.429s] writing manifest file '../../build/auto_bot/auto_bot.egg-info/SOURCES.txt'
[1.430s] running build
[1.430s] running build_py
[1.430s] running install
[1.431s] /home/anmol/.local/lib/python3.8/site-packages/setuptools/_distutils/cmd.py:66: SetuptoolsDeprecationWarning: setup.py install is deprecated.
[1.431s] !!
[1.431s] 
[1.431s]         ********************************************************************************
[1.431s]         Please avoid running ``setup.py`` directly.
[1.432s]         Instead, use pypa/build, pypa/installer or other
[1.432s]         standards-based tools.
[1.432s] 
[1.432s]         See https://blog.ganssle.io/articles/2021/10/setup-py-deprecated.html for details.
[1.432s]         ********************************************************************************
[1.432s] 
[1.432s] !!
[1.432s]   self.initialize_options()
[1.436s] running install_lib
[1.454s] running install_data
[1.472s] copying launch/gazebo.launch.py -> /home/anmol/project_ws/install/auto_bot/share/auto_bot/launch
[1.472s] running install_egg_info
[1.489s] removing '/home/anmol/project_ws/install/auto_bot/lib/python3.8/site-packages/auto_bot-0.0.0-py3.8.egg-info' (and everything under it)
[1.489s] Copying ../../build/auto_bot/auto_bot.egg-info to /home/anmol/project_ws/install/auto_bot/lib/python3.8/site-packages/auto_bot-0.0.0-py3.8.egg-info
[1.490s] running install_scripts
[1.556s] writing list of installed files to '/home/anmol/project_ws/build/auto_bot/install.log'
[1.622s] Invoked command in '/home/anmol/project_ws/src/auto_bot' returned '0': PYTHONPATH=/home/anmol/project_ws/build/auto_bot/prefix_override:/home/anmol/project_ws/install/auto_bot/lib/python3.8/site-packages:${PYTHONPATH} /usr/bin/python3 setup.py egg_info --egg-base ../../build/auto_bot build --build-base /home/anmol/project_ws/build/auto_bot/build install --record /home/anmol/project_ws/build/auto_bot/install.log --install-scripts $base/lib/auto_bot --single-version-externally-managed
