[0.694s] Invoking command in '/home/anmol/project_ws/src/auto_bot': PYTHONPATH=/home/anmol/project_ws/build/auto_bot/prefix_override:/home/anmol/project_ws/install/auto_bot/lib/python3.8/site-packages:${PYTHONPATH} /usr/bin/python3 setup.py egg_info --egg-base ../../build/auto_bot build --build-base /home/anmol/project_ws/build/auto_bot/build install --record /home/anmol/project_ws/build/auto_bot/install.log --single-version-externally-managed
[0.915s] running egg_info
[0.916s] writing ../../build/auto_bot/auto_bot.egg-info/PKG-INFO
[0.916s] writing dependency_links to ../../build/auto_bot/auto_bot.egg-info/dependency_links.txt
[0.916s] writing entry points to ../../build/auto_bot/auto_bot.egg-info/entry_points.txt
[0.916s] writing requirements to ../../build/auto_bot/auto_bot.egg-info/requires.txt
[0.917s] writing top-level names to ../../build/auto_bot/auto_bot.egg-info/top_level.txt
[0.954s] reading manifest file '../../build/auto_bot/auto_bot.egg-info/SOURCES.txt'
[0.955s] writing manifest file '../../build/auto_bot/auto_bot.egg-info/SOURCES.txt'
[0.955s] running build
[0.955s] running build_py
[0.955s] copying auto_bot/auto_bot_localization.py -> /home/anmol/project_ws/build/auto_bot/build/lib/auto_bot
[0.955s] running install
[0.956s] running install_lib
[0.957s] copying /home/anmol/project_ws/build/auto_bot/build/lib/auto_bot/auto_bot_localization.py -> /home/anmol/project_ws/install/auto_bot/lib/python3.8/site-packages/auto_bot
[0.958s] byte-compiling /home/anmol/project_ws/install/auto_bot/lib/python3.8/site-packages/auto_bot/auto_bot_localization.py to auto_bot_localization.cpython-38.pyc
[0.962s] running install_data
[0.963s] running install_egg_info
[0.964s] removing '/home/anmol/project_ws/install/auto_bot/lib/python3.8/site-packages/auto_bot-0.0.0-py3.8.egg-info' (and everything under it)
[0.964s] Copying ../../build/auto_bot/auto_bot.egg-info to /home/anmol/project_ws/install/auto_bot/lib/python3.8/site-packages/auto_bot-0.0.0-py3.8.egg-info
[0.965s] running install_scripts
[0.980s] Installing bot_localization script to /home/anmol/project_ws/install/auto_bot/lib/auto_bot
[0.980s] Installing configuration script to /home/anmol/project_ws/install/auto_bot/lib/auto_bot
[0.980s] Installing driving_auto_bot script to /home/anmol/project_ws/install/auto_bot/lib/auto_bot
[0.980s] Installing goal_auto_bot script to /home/anmol/project_ws/install/auto_bot/lib/auto_bot
[0.980s] Installing maze_solving script to /home/anmol/project_ws/install/auto_bot/lib/auto_bot
[0.981s] Installing utilities script to /home/anmol/project_ws/install/auto_bot/lib/auto_bot
[0.981s] Installing vid_saving script to /home/anmol/project_ws/install/auto_bot/lib/auto_bot
[0.981s] writing list of installed files to '/home/anmol/project_ws/build/auto_bot/install.log'
[1.016s] Invoked command in '/home/anmol/project_ws/src/auto_bot' returned '0': PYTHONPATH=/home/anmol/project_ws/build/auto_bot/prefix_override:/home/anmol/project_ws/install/auto_bot/lib/python3.8/site-packages:${PYTHONPATH} /usr/bin/python3 setup.py egg_info --egg-base ../../build/auto_bot build --build-base /home/anmol/project_ws/build/auto_bot/build install --record /home/anmol/project_ws/build/auto_bot/install.log --single-version-externally-managed
