[0.783s] Invoking command in '/home/anmol/project_ws/src/auto_bot': PYTHONPATH=/home/anmol/project_ws/build/auto_bot/prefix_override:/home/anmol/project_ws/install/auto_bot/lib/python3.8/site-packages:${PYTHONPATH} /usr/bin/python3 setup.py egg_info --egg-base ../../build/auto_bot build --build-base /home/anmol/project_ws/build/auto_bot/build install --record /home/anmol/project_ws/build/auto_bot/install.log --single-version-externally-managed
[0.996s] running egg_info
[0.997s] writing ../../build/auto_bot/auto_bot.egg-info/PKG-INFO
[1.007s] writing dependency_links to ../../build/auto_bot/auto_bot.egg-info/dependency_links.txt
[1.007s] writing entry points to ../../build/auto_bot/auto_bot.egg-info/entry_points.txt
[1.008s] writing requirements to ../../build/auto_bot/auto_bot.egg-info/requires.txt
[1.008s] writing top-level names to ../../build/auto_bot/auto_bot.egg-info/top_level.txt
[1.047s] reading manifest file '../../build/auto_bot/auto_bot.egg-info/SOURCES.txt'
[1.049s] writing manifest file '../../build/auto_bot/auto_bot.egg-info/SOURCES.txt'
[1.050s] running build
[1.050s] running build_py
[1.051s] running install
[1.052s] running install_lib
[1.053s] running install_data
[1.054s] running install_egg_info
[1.056s] removing '/home/anmol/project_ws/install/auto_bot/lib/python3.8/site-packages/auto_bot-0.0.0-py3.8.egg-info' (and everything under it)
[1.056s] Copying ../../build/auto_bot/auto_bot.egg-info to /home/anmol/project_ws/install/auto_bot/lib/python3.8/site-packages/auto_bot-0.0.0-py3.8.egg-info
[1.057s] running install_scripts
[1.069s] Installing bot_localization script to /home/anmol/project_ws/install/auto_bot/lib/auto_bot
[1.069s] Installing configuration script to /home/anmol/project_ws/install/auto_bot/lib/auto_bot
[1.069s] Installing driving_auto_bot script to /home/anmol/project_ws/install/auto_bot/lib/auto_bot
[1.069s] Installing goal_auto_bot script to /home/anmol/project_ws/install/auto_bot/lib/auto_bot
[1.070s] Installing maze_solving script to /home/anmol/project_ws/install/auto_bot/lib/auto_bot
[1.070s] Installing utilities script to /home/anmol/project_ws/install/auto_bot/lib/auto_bot
[1.070s] Installing vid_saving script to /home/anmol/project_ws/install/auto_bot/lib/auto_bot
[1.070s] writing list of installed files to '/home/anmol/project_ws/build/auto_bot/install.log'
[1.093s] Invoked command in '/home/anmol/project_ws/src/auto_bot' returned '0': PYTHONPATH=/home/anmol/project_ws/build/auto_bot/prefix_override:/home/anmol/project_ws/install/auto_bot/lib/python3.8/site-packages:${PYTHONPATH} /usr/bin/python3 setup.py egg_info --egg-base ../../build/auto_bot build --build-base /home/anmol/project_ws/build/auto_bot/build install --record /home/anmol/project_ws/build/auto_bot/install.log --single-version-externally-managed
